2023-01-16 21:59:34.699 DEBUG [main] [io.netty.util.internal.logging.InternalLoggerFactory.useLog4J2LoggerFactory(InternalLoggerFactory.java:76)] - Using Log4J2 as the default logging framework
2023-01-16 21:59:34.720 DEBUG [main] [io.netty.util.ResourceLeakDetector.<clinit>(ResourceLeakDetector.java:129)] - -Dio.netty.leakDetection.level: simple
2023-01-16 21:59:34.720 DEBUG [main] [io.netty.util.ResourceLeakDetector.<clinit>(ResourceLeakDetector.java:130)] - -Dio.netty.leakDetection.targetRecords: 4
2023-01-16 21:59:34.725 DEBUG [main] [io.netty.util.ResourceLeakDetectorFactory$DefaultResourceLeakDetectorFactory.newResourceLeakDetector(ResourceLeakDetectorFactory.java:196)] - Loaded default ResourceLeakDetector: io.netty.util.ResourceLeakDetector@40ac0a56
2023-01-16 21:59:34.755 DEBUG [main] [io.netty.util.internal.PlatformDependent0.explicitNoUnsafeCause0(PlatformDependent0.java:496)] - -Dio.netty.noUnsafe: false
2023-01-16 21:59:34.755 DEBUG [main] [io.netty.util.internal.PlatformDependent0.javaVersion0(PlatformDependent0.java:1000)] - Java version: 18
2023-01-16 21:59:34.757 DEBUG [main] [io.netty.util.internal.PlatformDependent0.<clinit>(PlatformDependent0.java:137)] - sun.misc.Unsafe.theUnsafe: available
2023-01-16 21:59:34.758 DEBUG [main] [io.netty.util.internal.PlatformDependent0.<clinit>(PlatformDependent0.java:161)] - sun.misc.Unsafe.copyMemory: available
2023-01-16 21:59:34.758 DEBUG [main] [io.netty.util.internal.PlatformDependent0.<clinit>(PlatformDependent0.java:193)] - sun.misc.Unsafe.storeFence: available
2023-01-16 21:59:34.759 DEBUG [main] [io.netty.util.internal.PlatformDependent0.<clinit>(PlatformDependent0.java:236)] - java.nio.Buffer.address: available
2023-01-16 21:59:34.759 DEBUG [main] [io.netty.util.internal.PlatformDependent0.<clinit>(PlatformDependent0.java:320)] - direct buffer constructor: unavailable: Reflective setAccessible(true) disabled
2023-01-16 21:59:34.760 DEBUG [main] [io.netty.util.internal.PlatformDependent0.<clinit>(PlatformDependent0.java:385)] - java.nio.Bits.unaligned: available, true
2023-01-16 21:59:34.760 DEBUG [main] [io.netty.util.internal.PlatformDependent0.<clinit>(PlatformDependent0.java:452)] - jdk.internal.misc.Unsafe.allocateUninitializedArray(int): unavailable: class io.netty.util.internal.PlatformDependent0$7 cannot access class jdk.internal.misc.Unsafe (in module java.base) because module java.base does not export jdk.internal.misc to unnamed module @78047b92
2023-01-16 21:59:34.761 DEBUG [main] [io.netty.util.internal.PlatformDependent0.<clinit>(PlatformDependent0.java:482)] - java.nio.DirectByteBuffer.<init>(long, int): unavailable
2023-01-16 21:59:34.761 DEBUG [main] [io.netty.util.internal.PlatformDependent.unsafeUnavailabilityCause0(PlatformDependent.java:1159)] - sun.misc.Unsafe: available
2023-01-16 21:59:34.762 DEBUG [main] [io.netty.util.internal.PlatformDependent.estimateMaxDirectMemory(PlatformDependent.java:1270)] - maxDirectMemory: 4213178368 bytes (maybe)
2023-01-16 21:59:34.762 DEBUG [main] [io.netty.util.internal.PlatformDependent.tmpdir0(PlatformDependent.java:1289)] - -Dio.netty.tmpdir: C:\Users\HENBEN~1\AppData\Local\Temp (java.io.tmpdir)
2023-01-16 21:59:34.762 DEBUG [main] [io.netty.util.internal.PlatformDependent.bitMode0(PlatformDependent.java:1368)] - -Dio.netty.bitMode: 64 (sun.arch.data.model)
2023-01-16 21:59:34.762 DEBUG [main] [io.netty.util.internal.PlatformDependent.isWindows0(PlatformDependent.java:1119)] - Platform: Windows
2023-01-16 21:59:34.763 DEBUG [main] [io.netty.util.internal.PlatformDependent.<clinit>(PlatformDependent.java:178)] - -Dio.netty.maxDirectMemory: -1 bytes
2023-01-16 21:59:34.763 DEBUG [main] [io.netty.util.internal.PlatformDependent.<clinit>(PlatformDependent.java:185)] - -Dio.netty.uninitializedArrayAllocationThreshold: -1
2023-01-16 21:59:34.764 DEBUG [main] [io.netty.util.internal.CleanerJava9.<clinit>(CleanerJava9.java:71)] - java.nio.ByteBuffer.cleaner(): available
2023-01-16 21:59:34.764 DEBUG [main] [io.netty.util.internal.PlatformDependent.<clinit>(PlatformDependent.java:205)] - -Dio.netty.noPreferDirect: false
2023-01-16 21:59:34.786 DEBUG [main] [io.netty.util.internal.PlatformDependent$Mpsc.<clinit>(PlatformDependent.java:1010)] - org.jctools-core.MpscChunkedArrayQueue: available
2023-01-16 21:59:34.820 DEBUG [main] [io.netty.util.internal.InternalThreadLocalMap.<clinit>(InternalThreadLocalMap.java:86)] - -Dio.netty.threadLocalMap.stringBuilder.initialSize: 1024
2023-01-16 21:59:34.820 DEBUG [main] [io.netty.util.internal.InternalThreadLocalMap.<clinit>(InternalThreadLocalMap.java:89)] - -Dio.netty.threadLocalMap.stringBuilder.maxSize: 4096
2023-01-16 21:59:34.843 DEBUG [main] [io.netty.handler.ssl.JdkSslContext.<clinit>(JdkSslContext.java:83)] - Default protocols (JDK): [TLSv1.3, TLSv1.2] 
2023-01-16 21:59:34.844 DEBUG [main] [io.netty.handler.ssl.JdkSslContext.<clinit>(JdkSslContext.java:84)] - Default cipher suites (JDK): [TLS_ECDHE_ECDSA_WITH_AES_256_GCM_SHA384, TLS_ECDHE_ECDSA_WITH_AES_128_GCM_SHA256, TLS_ECDHE_RSA_WITH_AES_128_GCM_SHA256, TLS_ECDHE_RSA_WITH_AES_256_GCM_SHA384, TLS_ECDHE_RSA_WITH_AES_128_CBC_SHA, TLS_ECDHE_RSA_WITH_AES_256_CBC_SHA, TLS_RSA_WITH_AES_128_GCM_SHA256, TLS_RSA_WITH_AES_128_CBC_SHA, TLS_RSA_WITH_AES_256_CBC_SHA, TLS_AES_128_GCM_SHA256, TLS_AES_256_GCM_SHA384]
2023-01-16 21:59:34.883 DEBUG [main] [io.netty.channel.MultithreadEventLoopGroup.<clinit>(MultithreadEventLoopGroup.java:44)] - -Dio.netty.eventLoopThreads: 16
2023-01-16 21:59:34.894 DEBUG [main] [io.netty.channel.nio.NioEventLoop.<clinit>(NioEventLoop.java:110)] - -Dio.netty.noKeySetOptimization: false
2023-01-16 21:59:34.894 DEBUG [main] [io.netty.channel.nio.NioEventLoop.<clinit>(NioEventLoop.java:111)] - -Dio.netty.selectorAutoRebuildThreshold: 512
2023-01-16 21:59:35.017 DEBUG [main] [io.netty.buffer.PooledByteBufAllocator.<clinit>(PooledByteBufAllocator.java:157)] - -Dio.netty.allocator.numHeapArenas: 16
2023-01-16 21:59:35.017 DEBUG [main] [io.netty.buffer.PooledByteBufAllocator.<clinit>(PooledByteBufAllocator.java:158)] - -Dio.netty.allocator.numDirectArenas: 16
2023-01-16 21:59:35.017 DEBUG [main] [io.netty.buffer.PooledByteBufAllocator.<clinit>(PooledByteBufAllocator.java:160)] - -Dio.netty.allocator.pageSize: 8192
2023-01-16 21:59:35.017 DEBUG [main] [io.netty.buffer.PooledByteBufAllocator.<clinit>(PooledByteBufAllocator.java:165)] - -Dio.netty.allocator.maxOrder: 9
2023-01-16 21:59:35.017 DEBUG [main] [io.netty.buffer.PooledByteBufAllocator.<clinit>(PooledByteBufAllocator.java:169)] - -Dio.netty.allocator.chunkSize: 4194304
2023-01-16 21:59:35.017 DEBUG [main] [io.netty.buffer.PooledByteBufAllocator.<clinit>(PooledByteBufAllocator.java:170)] - -Dio.netty.allocator.smallCacheSize: 256
2023-01-16 21:59:35.017 DEBUG [main] [io.netty.buffer.PooledByteBufAllocator.<clinit>(PooledByteBufAllocator.java:171)] - -Dio.netty.allocator.normalCacheSize: 64
2023-01-16 21:59:35.017 DEBUG [main] [io.netty.buffer.PooledByteBufAllocator.<clinit>(PooledByteBufAllocator.java:172)] - -Dio.netty.allocator.maxCachedBufferCapacity: 32768
2023-01-16 21:59:35.017 DEBUG [main] [io.netty.buffer.PooledByteBufAllocator.<clinit>(PooledByteBufAllocator.java:173)] - -Dio.netty.allocator.cacheTrimInterval: 8192
2023-01-16 21:59:35.017 DEBUG [main] [io.netty.buffer.PooledByteBufAllocator.<clinit>(PooledByteBufAllocator.java:174)] - -Dio.netty.allocator.cacheTrimIntervalMillis: 0
2023-01-16 21:59:35.017 DEBUG [main] [io.netty.buffer.PooledByteBufAllocator.<clinit>(PooledByteBufAllocator.java:175)] - -Dio.netty.allocator.useCacheForAllThreads: false
2023-01-16 21:59:35.017 DEBUG [main] [io.netty.buffer.PooledByteBufAllocator.<clinit>(PooledByteBufAllocator.java:176)] - -Dio.netty.allocator.maxCachedByteBuffersPerChunk: 1023
2023-01-16 21:59:35.029 DEBUG [main] [io.netty.buffer.ByteBufUtil.<clinit>(ByteBufUtil.java:87)] - -Dio.netty.allocator.type: pooled
2023-01-16 21:59:35.029 DEBUG [main] [io.netty.buffer.ByteBufUtil.<clinit>(ByteBufUtil.java:96)] - -Dio.netty.threadLocalDirectBufferSize: 0
2023-01-16 21:59:35.029 DEBUG [main] [io.netty.buffer.ByteBufUtil.<clinit>(ByteBufUtil.java:99)] - -Dio.netty.maxThreadLocalCharBufferSize: 16384
2023-01-16 21:59:35.394 DEBUG [Forwarding newSession on session null to remote] [io.netty.channel.DefaultChannelId.<clinit>(DefaultChannelId.java:79)] - -Dio.netty.processId: 21924 (auto-detected)
2023-01-16 21:59:35.396 DEBUG [Forwarding newSession on session null to remote] [io.netty.util.NetUtil.<clinit>(NetUtil.java:136)] - -Djava.net.preferIPv4Stack: false
2023-01-16 21:59:35.396 DEBUG [Forwarding newSession on session null to remote] [io.netty.util.NetUtil.<clinit>(NetUtil.java:137)] - -Djava.net.preferIPv6Addresses: false
2023-01-16 21:59:35.406 DEBUG [Forwarding newSession on session null to remote] [io.netty.util.NetUtilInitializations.determineLoopback(NetUtilInitializations.java:129)] - Loopback interface: lo (Software Loopback Interface 1, 127.0.0.1)
2023-01-16 21:59:35.407 DEBUG [Forwarding newSession on session null to remote] [io.netty.util.NetUtil$SoMaxConnAction.run(NetUtil.java:191)] - Failed to get SOMAXCONN from sysctl and file \proc\sys\net\core\somaxconn. Default: 200
2023-01-16 21:59:35.434 DEBUG [Forwarding newSession on session null to remote] [io.netty.channel.DefaultChannelId.<clinit>(DefaultChannelId.java:101)] - -Dio.netty.machineId: 34:2e:b7:ff:fe:11:e9:fa (auto-detected)
2023-01-16 21:59:35.486 DEBUG [AsyncHttpClient-1-2] [io.netty.buffer.AbstractByteBuf.<clinit>(AbstractByteBuf.java:63)] - -Dio.netty.buffer.checkAccessible: true
2023-01-16 21:59:35.487 DEBUG [AsyncHttpClient-1-2] [io.netty.buffer.AbstractByteBuf.<clinit>(AbstractByteBuf.java:64)] - -Dio.netty.buffer.checkBounds: true
2023-01-16 21:59:35.487 DEBUG [AsyncHttpClient-1-2] [io.netty.util.ResourceLeakDetectorFactory$DefaultResourceLeakDetectorFactory.newResourceLeakDetector(ResourceLeakDetectorFactory.java:196)] - Loaded default ResourceLeakDetector: io.netty.util.ResourceLeakDetector@579c4f94
2023-01-16 21:59:35.508 DEBUG [AsyncHttpClient-1-2] [io.netty.util.Recycler.<clinit>(Recycler.java:85)] - -Dio.netty.recycler.maxCapacityPerThread: 4096
2023-01-16 21:59:35.508 DEBUG [AsyncHttpClient-1-2] [io.netty.util.Recycler.<clinit>(Recycler.java:86)] - -Dio.netty.recycler.ratio: 8
2023-01-16 21:59:35.508 DEBUG [AsyncHttpClient-1-2] [io.netty.util.Recycler.<clinit>(Recycler.java:87)] - -Dio.netty.recycler.chunkSize: 32
2023-01-16 21:59:35.508 DEBUG [AsyncHttpClient-1-2] [io.netty.util.Recycler.<clinit>(Recycler.java:88)] - -Dio.netty.recycler.blocking: false
2023-01-16 21:59:36.057 DEBUG [AsyncHttpClient-1-2] [io.netty.handler.codec.compression.Brotli.<clinit>(Brotli.java:38)] - brotli4j not in the classpath; Brotli support will be unavailable.
2023-01-16 21:59:36.150 DEBUG [main] [io.netty.util.internal.ThreadLocalRandom.newSeed(ThreadLocalRandom.java:214)] - -Dio.netty.initialSeedUniquifier: 0x02a0e97311246410
2023-01-16 21:59:36.198 INFO [main] [test.java.Utilities.CommonOps.initBrowser(CommonOps.java:76)] - Start default Browser [Chrome]
2023-01-16 21:59:36.366 INFO [main] [test.java.Utilities.CommonOps.initBrowser(CommonOps.java:81)] - Maximize browser window
2023-01-16 21:59:38.221 INFO [main] [test.java.Utilities.CommonOps.initUrl(CommonOps.java:86)] - Open URL
2023-01-16 21:59:38.238 INFO [main] [test.java.Utilities.CommonOps.initAction(CommonOps.java:92)] - Initialized the 'Action'
2023-01-16 21:59:38.240 INFO [main] [test.java.Utilities.CommonOps.initWait(CommonOps.java:97)] - Initialized 'wait'
2023-01-16 21:59:38.287 INFO [main] [test.java.Utilities.CommonOps.initPageObjectManager(CommonOps.java:102)] - Initialized POM
2023-01-16 21:59:38.610 ERROR [main] [test.java.Extensions.UiActions.click(UiActions.java:17)] - click on: 'Log In' Button
2023-01-16 21:59:52.466 INFO [main] [test.java.Utilities.CommonOps.tearDown(CommonOps.java:113)] - Browser closed
2023-01-16 22:00:38.264 DEBUG [main] [io.netty.util.internal.logging.InternalLoggerFactory.useLog4J2LoggerFactory(InternalLoggerFactory.java:76)] - Using Log4J2 as the default logging framework
2023-01-16 22:00:38.272 DEBUG [main] [io.netty.util.ResourceLeakDetector.<clinit>(ResourceLeakDetector.java:129)] - -Dio.netty.leakDetection.level: simple
2023-01-16 22:00:38.273 DEBUG [main] [io.netty.util.ResourceLeakDetector.<clinit>(ResourceLeakDetector.java:130)] - -Dio.netty.leakDetection.targetRecords: 4
2023-01-16 22:00:38.277 DEBUG [main] [io.netty.util.ResourceLeakDetectorFactory$DefaultResourceLeakDetectorFactory.newResourceLeakDetector(ResourceLeakDetectorFactory.java:196)] - Loaded default ResourceLeakDetector: io.netty.util.ResourceLeakDetector@41167ded
2023-01-16 22:00:38.306 DEBUG [main] [io.netty.util.internal.PlatformDependent0.explicitNoUnsafeCause0(PlatformDependent0.java:496)] - -Dio.netty.noUnsafe: false
2023-01-16 22:00:38.306 DEBUG [main] [io.netty.util.internal.PlatformDependent0.javaVersion0(PlatformDependent0.java:1000)] - Java version: 18
2023-01-16 22:00:38.307 DEBUG [main] [io.netty.util.internal.PlatformDependent0.<clinit>(PlatformDependent0.java:137)] - sun.misc.Unsafe.theUnsafe: available
2023-01-16 22:00:38.307 DEBUG [main] [io.netty.util.internal.PlatformDependent0.<clinit>(PlatformDependent0.java:161)] - sun.misc.Unsafe.copyMemory: available
2023-01-16 22:00:38.308 DEBUG [main] [io.netty.util.internal.PlatformDependent0.<clinit>(PlatformDependent0.java:193)] - sun.misc.Unsafe.storeFence: available
2023-01-16 22:00:38.308 DEBUG [main] [io.netty.util.internal.PlatformDependent0.<clinit>(PlatformDependent0.java:236)] - java.nio.Buffer.address: available
2023-01-16 22:00:38.309 DEBUG [main] [io.netty.util.internal.PlatformDependent0.<clinit>(PlatformDependent0.java:320)] - direct buffer constructor: unavailable: Reflective setAccessible(true) disabled
2023-01-16 22:00:38.309 DEBUG [main] [io.netty.util.internal.PlatformDependent0.<clinit>(PlatformDependent0.java:385)] - java.nio.Bits.unaligned: available, true
2023-01-16 22:00:38.310 DEBUG [main] [io.netty.util.internal.PlatformDependent0.<clinit>(PlatformDependent0.java:452)] - jdk.internal.misc.Unsafe.allocateUninitializedArray(int): unavailable: class io.netty.util.internal.PlatformDependent0$7 cannot access class jdk.internal.misc.Unsafe (in module java.base) because module java.base does not export jdk.internal.misc to unnamed module @78047b92
2023-01-16 22:00:38.311 DEBUG [main] [io.netty.util.internal.PlatformDependent0.<clinit>(PlatformDependent0.java:482)] - java.nio.DirectByteBuffer.<init>(long, int): unavailable
2023-01-16 22:00:38.311 DEBUG [main] [io.netty.util.internal.PlatformDependent.unsafeUnavailabilityCause0(PlatformDependent.java:1159)] - sun.misc.Unsafe: available
2023-01-16 22:00:38.312 DEBUG [main] [io.netty.util.internal.PlatformDependent.estimateMaxDirectMemory(PlatformDependent.java:1270)] - maxDirectMemory: 4213178368 bytes (maybe)
2023-01-16 22:00:38.312 DEBUG [main] [io.netty.util.internal.PlatformDependent.tmpdir0(PlatformDependent.java:1289)] - -Dio.netty.tmpdir: C:\Users\HENBEN~1\AppData\Local\Temp (java.io.tmpdir)
2023-01-16 22:00:38.312 DEBUG [main] [io.netty.util.internal.PlatformDependent.bitMode0(PlatformDependent.java:1368)] - -Dio.netty.bitMode: 64 (sun.arch.data.model)
2023-01-16 22:00:38.312 DEBUG [main] [io.netty.util.internal.PlatformDependent.isWindows0(PlatformDependent.java:1119)] - Platform: Windows
2023-01-16 22:00:38.313 DEBUG [main] [io.netty.util.internal.PlatformDependent.<clinit>(PlatformDependent.java:178)] - -Dio.netty.maxDirectMemory: -1 bytes
2023-01-16 22:00:38.313 DEBUG [main] [io.netty.util.internal.PlatformDependent.<clinit>(PlatformDependent.java:185)] - -Dio.netty.uninitializedArrayAllocationThreshold: -1
2023-01-16 22:00:38.314 DEBUG [main] [io.netty.util.internal.CleanerJava9.<clinit>(CleanerJava9.java:71)] - java.nio.ByteBuffer.cleaner(): available
2023-01-16 22:00:38.314 DEBUG [main] [io.netty.util.internal.PlatformDependent.<clinit>(PlatformDependent.java:205)] - -Dio.netty.noPreferDirect: false
2023-01-16 22:00:38.326 DEBUG [main] [io.netty.util.internal.PlatformDependent$Mpsc.<clinit>(PlatformDependent.java:1010)] - org.jctools-core.MpscChunkedArrayQueue: available
2023-01-16 22:00:38.351 DEBUG [main] [io.netty.util.internal.InternalThreadLocalMap.<clinit>(InternalThreadLocalMap.java:86)] - -Dio.netty.threadLocalMap.stringBuilder.initialSize: 1024
2023-01-16 22:00:38.351 DEBUG [main] [io.netty.util.internal.InternalThreadLocalMap.<clinit>(InternalThreadLocalMap.java:89)] - -Dio.netty.threadLocalMap.stringBuilder.maxSize: 4096
2023-01-16 22:00:38.401 DEBUG [main] [io.netty.handler.ssl.JdkSslContext.<clinit>(JdkSslContext.java:83)] - Default protocols (JDK): [TLSv1.3, TLSv1.2] 
2023-01-16 22:00:38.401 DEBUG [main] [io.netty.handler.ssl.JdkSslContext.<clinit>(JdkSslContext.java:84)] - Default cipher suites (JDK): [TLS_ECDHE_ECDSA_WITH_AES_256_GCM_SHA384, TLS_ECDHE_ECDSA_WITH_AES_128_GCM_SHA256, TLS_ECDHE_RSA_WITH_AES_128_GCM_SHA256, TLS_ECDHE_RSA_WITH_AES_256_GCM_SHA384, TLS_ECDHE_RSA_WITH_AES_128_CBC_SHA, TLS_ECDHE_RSA_WITH_AES_256_CBC_SHA, TLS_RSA_WITH_AES_128_GCM_SHA256, TLS_RSA_WITH_AES_128_CBC_SHA, TLS_RSA_WITH_AES_256_CBC_SHA, TLS_AES_128_GCM_SHA256, TLS_AES_256_GCM_SHA384]
2023-01-16 22:00:38.441 DEBUG [main] [io.netty.channel.MultithreadEventLoopGroup.<clinit>(MultithreadEventLoopGroup.java:44)] - -Dio.netty.eventLoopThreads: 16
2023-01-16 22:00:38.452 DEBUG [main] [io.netty.channel.nio.NioEventLoop.<clinit>(NioEventLoop.java:110)] - -Dio.netty.noKeySetOptimization: false
2023-01-16 22:00:38.452 DEBUG [main] [io.netty.channel.nio.NioEventLoop.<clinit>(NioEventLoop.java:111)] - -Dio.netty.selectorAutoRebuildThreshold: 512
2023-01-16 22:00:38.560 DEBUG [main] [io.netty.buffer.PooledByteBufAllocator.<clinit>(PooledByteBufAllocator.java:157)] - -Dio.netty.allocator.numHeapArenas: 16
2023-01-16 22:00:38.560 DEBUG [main] [io.netty.buffer.PooledByteBufAllocator.<clinit>(PooledByteBufAllocator.java:158)] - -Dio.netty.allocator.numDirectArenas: 16
2023-01-16 22:00:38.560 DEBUG [main] [io.netty.buffer.PooledByteBufAllocator.<clinit>(PooledByteBufAllocator.java:160)] - -Dio.netty.allocator.pageSize: 8192
2023-01-16 22:00:38.560 DEBUG [main] [io.netty.buffer.PooledByteBufAllocator.<clinit>(PooledByteBufAllocator.java:165)] - -Dio.netty.allocator.maxOrder: 9
2023-01-16 22:00:38.560 DEBUG [main] [io.netty.buffer.PooledByteBufAllocator.<clinit>(PooledByteBufAllocator.java:169)] - -Dio.netty.allocator.chunkSize: 4194304
2023-01-16 22:00:38.561 DEBUG [main] [io.netty.buffer.PooledByteBufAllocator.<clinit>(PooledByteBufAllocator.java:170)] - -Dio.netty.allocator.smallCacheSize: 256
2023-01-16 22:00:38.561 DEBUG [main] [io.netty.buffer.PooledByteBufAllocator.<clinit>(PooledByteBufAllocator.java:171)] - -Dio.netty.allocator.normalCacheSize: 64
2023-01-16 22:00:38.561 DEBUG [main] [io.netty.buffer.PooledByteBufAllocator.<clinit>(PooledByteBufAllocator.java:172)] - -Dio.netty.allocator.maxCachedBufferCapacity: 32768
2023-01-16 22:00:38.561 DEBUG [main] [io.netty.buffer.PooledByteBufAllocator.<clinit>(PooledByteBufAllocator.java:173)] - -Dio.netty.allocator.cacheTrimInterval: 8192
2023-01-16 22:00:38.561 DEBUG [main] [io.netty.buffer.PooledByteBufAllocator.<clinit>(PooledByteBufAllocator.java:174)] - -Dio.netty.allocator.cacheTrimIntervalMillis: 0
2023-01-16 22:00:38.561 DEBUG [main] [io.netty.buffer.PooledByteBufAllocator.<clinit>(PooledByteBufAllocator.java:175)] - -Dio.netty.allocator.useCacheForAllThreads: false
2023-01-16 22:00:38.561 DEBUG [main] [io.netty.buffer.PooledByteBufAllocator.<clinit>(PooledByteBufAllocator.java:176)] - -Dio.netty.allocator.maxCachedByteBuffersPerChunk: 1023
2023-01-16 22:00:38.574 DEBUG [main] [io.netty.buffer.ByteBufUtil.<clinit>(ByteBufUtil.java:87)] - -Dio.netty.allocator.type: pooled
2023-01-16 22:00:38.574 DEBUG [main] [io.netty.buffer.ByteBufUtil.<clinit>(ByteBufUtil.java:96)] - -Dio.netty.threadLocalDirectBufferSize: 0
2023-01-16 22:00:38.574 DEBUG [main] [io.netty.buffer.ByteBufUtil.<clinit>(ByteBufUtil.java:99)] - -Dio.netty.maxThreadLocalCharBufferSize: 16384
2023-01-16 22:00:38.863 DEBUG [Forwarding newSession on session null to remote] [io.netty.channel.DefaultChannelId.<clinit>(DefaultChannelId.java:79)] - -Dio.netty.processId: 24892 (auto-detected)
2023-01-16 22:00:38.868 DEBUG [Forwarding newSession on session null to remote] [io.netty.util.NetUtil.<clinit>(NetUtil.java:136)] - -Djava.net.preferIPv4Stack: false
2023-01-16 22:00:38.868 DEBUG [Forwarding newSession on session null to remote] [io.netty.util.NetUtil.<clinit>(NetUtil.java:137)] - -Djava.net.preferIPv6Addresses: false
2023-01-16 22:00:38.878 DEBUG [Forwarding newSession on session null to remote] [io.netty.util.NetUtilInitializations.determineLoopback(NetUtilInitializations.java:129)] - Loopback interface: lo (Software Loopback Interface 1, 127.0.0.1)
2023-01-16 22:00:38.878 DEBUG [Forwarding newSession on session null to remote] [io.netty.util.NetUtil$SoMaxConnAction.run(NetUtil.java:191)] - Failed to get SOMAXCONN from sysctl and file \proc\sys\net\core\somaxconn. Default: 200
2023-01-16 22:00:38.915 DEBUG [Forwarding newSession on session null to remote] [io.netty.channel.DefaultChannelId.<clinit>(DefaultChannelId.java:101)] - -Dio.netty.machineId: 34:2e:b7:ff:fe:11:e9:fa (auto-detected)
2023-01-16 22:00:39.026 DEBUG [AsyncHttpClient-1-2] [io.netty.buffer.AbstractByteBuf.<clinit>(AbstractByteBuf.java:63)] - -Dio.netty.buffer.checkAccessible: true
2023-01-16 22:00:39.026 DEBUG [AsyncHttpClient-1-2] [io.netty.buffer.AbstractByteBuf.<clinit>(AbstractByteBuf.java:64)] - -Dio.netty.buffer.checkBounds: true
2023-01-16 22:00:39.026 DEBUG [AsyncHttpClient-1-2] [io.netty.util.ResourceLeakDetectorFactory$DefaultResourceLeakDetectorFactory.newResourceLeakDetector(ResourceLeakDetectorFactory.java:196)] - Loaded default ResourceLeakDetector: io.netty.util.ResourceLeakDetector@257c3d09
2023-01-16 22:00:39.045 DEBUG [AsyncHttpClient-1-2] [io.netty.util.Recycler.<clinit>(Recycler.java:85)] - -Dio.netty.recycler.maxCapacityPerThread: 4096
2023-01-16 22:00:39.045 DEBUG [AsyncHttpClient-1-2] [io.netty.util.Recycler.<clinit>(Recycler.java:86)] - -Dio.netty.recycler.ratio: 8
2023-01-16 22:00:39.045 DEBUG [AsyncHttpClient-1-2] [io.netty.util.Recycler.<clinit>(Recycler.java:87)] - -Dio.netty.recycler.chunkSize: 32
2023-01-16 22:00:39.045 DEBUG [AsyncHttpClient-1-2] [io.netty.util.Recycler.<clinit>(Recycler.java:88)] - -Dio.netty.recycler.blocking: false
2023-01-16 22:00:39.543 DEBUG [AsyncHttpClient-1-2] [io.netty.handler.codec.compression.Brotli.<clinit>(Brotli.java:38)] - brotli4j not in the classpath; Brotli support will be unavailable.
2023-01-16 22:00:39.651 DEBUG [main] [io.netty.util.internal.ThreadLocalRandom.newSeed(ThreadLocalRandom.java:214)] - -Dio.netty.initialSeedUniquifier: 0xeb0e5fd3fe4941a7
2023-01-16 22:00:39.699 INFO [main] [test.java.Utilities.CommonOps.initBrowser(CommonOps.java:76)] - Start default Browser [Chrome]
2023-01-16 22:00:39.840 INFO [main] [test.java.Utilities.CommonOps.initBrowser(CommonOps.java:81)] - Maximize browser window
2023-01-16 22:00:41.754 INFO [main] [test.java.Utilities.CommonOps.initUrl(CommonOps.java:86)] - Open URL
2023-01-16 22:00:41.767 INFO [main] [test.java.Utilities.CommonOps.initAction(CommonOps.java:92)] - Initialized the 'Action'
2023-01-16 22:00:41.769 INFO [main] [test.java.Utilities.CommonOps.initWait(CommonOps.java:97)] - Initialized 'wait'
2023-01-16 22:00:41.786 INFO [main] [test.java.Utilities.CommonOps.initPageObjectManager(CommonOps.java:102)] - Initialized POM
2023-01-16 22:00:42.086 ERROR [main] [test.java.Extensions.UiActions.click(UiActions.java:17)] - click on: 'Log In' Button
2023-01-16 22:00:55.670 INFO [main] [test.java.Utilities.CommonOps.tearDown(CommonOps.java:113)] - Browser closed
2023-01-16 22:02:24.673 DEBUG [main] [io.netty.util.internal.logging.InternalLoggerFactory.useLog4J2LoggerFactory(InternalLoggerFactory.java:76)] - Using Log4J2 as the default logging framework
2023-01-16 22:02:24.681 DEBUG [main] [io.netty.util.ResourceLeakDetector.<clinit>(ResourceLeakDetector.java:129)] - -Dio.netty.leakDetection.level: simple
2023-01-16 22:02:24.681 DEBUG [main] [io.netty.util.ResourceLeakDetector.<clinit>(ResourceLeakDetector.java:130)] - -Dio.netty.leakDetection.targetRecords: 4
2023-01-16 22:02:24.685 DEBUG [main] [io.netty.util.ResourceLeakDetectorFactory$DefaultResourceLeakDetectorFactory.newResourceLeakDetector(ResourceLeakDetectorFactory.java:196)] - Loaded default ResourceLeakDetector: io.netty.util.ResourceLeakDetector@1f408ab6
2023-01-16 22:02:24.710 DEBUG [main] [io.netty.util.internal.PlatformDependent0.explicitNoUnsafeCause0(PlatformDependent0.java:496)] - -Dio.netty.noUnsafe: false
2023-01-16 22:02:24.710 DEBUG [main] [io.netty.util.internal.PlatformDependent0.javaVersion0(PlatformDependent0.java:1000)] - Java version: 18
2023-01-16 22:02:24.711 DEBUG [main] [io.netty.util.internal.PlatformDependent0.<clinit>(PlatformDependent0.java:137)] - sun.misc.Unsafe.theUnsafe: available
2023-01-16 22:02:24.712 DEBUG [main] [io.netty.util.internal.PlatformDependent0.<clinit>(PlatformDependent0.java:161)] - sun.misc.Unsafe.copyMemory: available
2023-01-16 22:02:24.712 DEBUG [main] [io.netty.util.internal.PlatformDependent0.<clinit>(PlatformDependent0.java:193)] - sun.misc.Unsafe.storeFence: available
2023-01-16 22:02:24.713 DEBUG [main] [io.netty.util.internal.PlatformDependent0.<clinit>(PlatformDependent0.java:236)] - java.nio.Buffer.address: available
2023-01-16 22:02:24.713 DEBUG [main] [io.netty.util.internal.PlatformDependent0.<clinit>(PlatformDependent0.java:320)] - direct buffer constructor: unavailable: Reflective setAccessible(true) disabled
2023-01-16 22:02:24.714 DEBUG [main] [io.netty.util.internal.PlatformDependent0.<clinit>(PlatformDependent0.java:385)] - java.nio.Bits.unaligned: available, true
2023-01-16 22:02:24.714 DEBUG [main] [io.netty.util.internal.PlatformDependent0.<clinit>(PlatformDependent0.java:452)] - jdk.internal.misc.Unsafe.allocateUninitializedArray(int): unavailable: class io.netty.util.internal.PlatformDependent0$7 cannot access class jdk.internal.misc.Unsafe (in module java.base) because module java.base does not export jdk.internal.misc to unnamed module @78047b92
2023-01-16 22:02:24.715 DEBUG [main] [io.netty.util.internal.PlatformDependent0.<clinit>(PlatformDependent0.java:482)] - java.nio.DirectByteBuffer.<init>(long, int): unavailable
2023-01-16 22:02:24.715 DEBUG [main] [io.netty.util.internal.PlatformDependent.unsafeUnavailabilityCause0(PlatformDependent.java:1159)] - sun.misc.Unsafe: available
2023-01-16 22:02:24.716 DEBUG [main] [io.netty.util.internal.PlatformDependent.estimateMaxDirectMemory(PlatformDependent.java:1270)] - maxDirectMemory: 4213178368 bytes (maybe)
2023-01-16 22:02:24.716 DEBUG [main] [io.netty.util.internal.PlatformDependent.tmpdir0(PlatformDependent.java:1289)] - -Dio.netty.tmpdir: C:\Users\HENBEN~1\AppData\Local\Temp (java.io.tmpdir)
2023-01-16 22:02:24.716 DEBUG [main] [io.netty.util.internal.PlatformDependent.bitMode0(PlatformDependent.java:1368)] - -Dio.netty.bitMode: 64 (sun.arch.data.model)
2023-01-16 22:02:24.716 DEBUG [main] [io.netty.util.internal.PlatformDependent.isWindows0(PlatformDependent.java:1119)] - Platform: Windows
2023-01-16 22:02:24.717 DEBUG [main] [io.netty.util.internal.PlatformDependent.<clinit>(PlatformDependent.java:178)] - -Dio.netty.maxDirectMemory: -1 bytes
2023-01-16 22:02:24.717 DEBUG [main] [io.netty.util.internal.PlatformDependent.<clinit>(PlatformDependent.java:185)] - -Dio.netty.uninitializedArrayAllocationThreshold: -1
2023-01-16 22:02:24.718 DEBUG [main] [io.netty.util.internal.CleanerJava9.<clinit>(CleanerJava9.java:71)] - java.nio.ByteBuffer.cleaner(): available
2023-01-16 22:02:24.718 DEBUG [main] [io.netty.util.internal.PlatformDependent.<clinit>(PlatformDependent.java:205)] - -Dio.netty.noPreferDirect: false
2023-01-16 22:02:24.731 DEBUG [main] [io.netty.util.internal.PlatformDependent$Mpsc.<clinit>(PlatformDependent.java:1010)] - org.jctools-core.MpscChunkedArrayQueue: available
2023-01-16 22:02:24.756 DEBUG [main] [io.netty.util.internal.InternalThreadLocalMap.<clinit>(InternalThreadLocalMap.java:86)] - -Dio.netty.threadLocalMap.stringBuilder.initialSize: 1024
2023-01-16 22:02:24.757 DEBUG [main] [io.netty.util.internal.InternalThreadLocalMap.<clinit>(InternalThreadLocalMap.java:89)] - -Dio.netty.threadLocalMap.stringBuilder.maxSize: 4096
2023-01-16 22:02:24.808 DEBUG [main] [io.netty.handler.ssl.JdkSslContext.<clinit>(JdkSslContext.java:83)] - Default protocols (JDK): [TLSv1.3, TLSv1.2] 
2023-01-16 22:02:24.809 DEBUG [main] [io.netty.handler.ssl.JdkSslContext.<clinit>(JdkSslContext.java:84)] - Default cipher suites (JDK): [TLS_ECDHE_ECDSA_WITH_AES_256_GCM_SHA384, TLS_ECDHE_ECDSA_WITH_AES_128_GCM_SHA256, TLS_ECDHE_RSA_WITH_AES_128_GCM_SHA256, TLS_ECDHE_RSA_WITH_AES_256_GCM_SHA384, TLS_ECDHE_RSA_WITH_AES_128_CBC_SHA, TLS_ECDHE_RSA_WITH_AES_256_CBC_SHA, TLS_RSA_WITH_AES_128_GCM_SHA256, TLS_RSA_WITH_AES_128_CBC_SHA, TLS_RSA_WITH_AES_256_CBC_SHA, TLS_AES_128_GCM_SHA256, TLS_AES_256_GCM_SHA384]
2023-01-16 22:02:24.854 DEBUG [main] [io.netty.channel.MultithreadEventLoopGroup.<clinit>(MultithreadEventLoopGroup.java:44)] - -Dio.netty.eventLoopThreads: 16
2023-01-16 22:02:24.865 DEBUG [main] [io.netty.channel.nio.NioEventLoop.<clinit>(NioEventLoop.java:110)] - -Dio.netty.noKeySetOptimization: false
2023-01-16 22:02:24.865 DEBUG [main] [io.netty.channel.nio.NioEventLoop.<clinit>(NioEventLoop.java:111)] - -Dio.netty.selectorAutoRebuildThreshold: 512
2023-01-16 22:02:24.963 DEBUG [main] [io.netty.buffer.PooledByteBufAllocator.<clinit>(PooledByteBufAllocator.java:157)] - -Dio.netty.allocator.numHeapArenas: 16
2023-01-16 22:02:24.963 DEBUG [main] [io.netty.buffer.PooledByteBufAllocator.<clinit>(PooledByteBufAllocator.java:158)] - -Dio.netty.allocator.numDirectArenas: 16
2023-01-16 22:02:24.964 DEBUG [main] [io.netty.buffer.PooledByteBufAllocator.<clinit>(PooledByteBufAllocator.java:160)] - -Dio.netty.allocator.pageSize: 8192
2023-01-16 22:02:24.964 DEBUG [main] [io.netty.buffer.PooledByteBufAllocator.<clinit>(PooledByteBufAllocator.java:165)] - -Dio.netty.allocator.maxOrder: 9
2023-01-16 22:02:24.964 DEBUG [main] [io.netty.buffer.PooledByteBufAllocator.<clinit>(PooledByteBufAllocator.java:169)] - -Dio.netty.allocator.chunkSize: 4194304
2023-01-16 22:02:24.964 DEBUG [main] [io.netty.buffer.PooledByteBufAllocator.<clinit>(PooledByteBufAllocator.java:170)] - -Dio.netty.allocator.smallCacheSize: 256
2023-01-16 22:02:24.964 DEBUG [main] [io.netty.buffer.PooledByteBufAllocator.<clinit>(PooledByteBufAllocator.java:171)] - -Dio.netty.allocator.normalCacheSize: 64
2023-01-16 22:02:24.964 DEBUG [main] [io.netty.buffer.PooledByteBufAllocator.<clinit>(PooledByteBufAllocator.java:172)] - -Dio.netty.allocator.maxCachedBufferCapacity: 32768
2023-01-16 22:02:24.964 DEBUG [main] [io.netty.buffer.PooledByteBufAllocator.<clinit>(PooledByteBufAllocator.java:173)] - -Dio.netty.allocator.cacheTrimInterval: 8192
2023-01-16 22:02:24.964 DEBUG [main] [io.netty.buffer.PooledByteBufAllocator.<clinit>(PooledByteBufAllocator.java:174)] - -Dio.netty.allocator.cacheTrimIntervalMillis: 0
2023-01-16 22:02:24.964 DEBUG [main] [io.netty.buffer.PooledByteBufAllocator.<clinit>(PooledByteBufAllocator.java:175)] - -Dio.netty.allocator.useCacheForAllThreads: false
2023-01-16 22:02:24.964 DEBUG [main] [io.netty.buffer.PooledByteBufAllocator.<clinit>(PooledByteBufAllocator.java:176)] - -Dio.netty.allocator.maxCachedByteBuffersPerChunk: 1023
2023-01-16 22:02:24.977 DEBUG [main] [io.netty.buffer.ByteBufUtil.<clinit>(ByteBufUtil.java:87)] - -Dio.netty.allocator.type: pooled
2023-01-16 22:02:24.977 DEBUG [main] [io.netty.buffer.ByteBufUtil.<clinit>(ByteBufUtil.java:96)] - -Dio.netty.threadLocalDirectBufferSize: 0
2023-01-16 22:02:24.977 DEBUG [main] [io.netty.buffer.ByteBufUtil.<clinit>(ByteBufUtil.java:99)] - -Dio.netty.maxThreadLocalCharBufferSize: 16384
2023-01-16 22:02:25.261 DEBUG [Forwarding newSession on session null to remote] [io.netty.channel.DefaultChannelId.<clinit>(DefaultChannelId.java:79)] - -Dio.netty.processId: 15700 (auto-detected)
2023-01-16 22:02:25.263 DEBUG [Forwarding newSession on session null to remote] [io.netty.util.NetUtil.<clinit>(NetUtil.java:136)] - -Djava.net.preferIPv4Stack: false
2023-01-16 22:02:25.263 DEBUG [Forwarding newSession on session null to remote] [io.netty.util.NetUtil.<clinit>(NetUtil.java:137)] - -Djava.net.preferIPv6Addresses: false
2023-01-16 22:02:25.271 DEBUG [Forwarding newSession on session null to remote] [io.netty.util.NetUtilInitializations.determineLoopback(NetUtilInitializations.java:129)] - Loopback interface: lo (Software Loopback Interface 1, 127.0.0.1)
2023-01-16 22:02:25.272 DEBUG [Forwarding newSession on session null to remote] [io.netty.util.NetUtil$SoMaxConnAction.run(NetUtil.java:191)] - Failed to get SOMAXCONN from sysctl and file \proc\sys\net\core\somaxconn. Default: 200
2023-01-16 22:02:25.298 DEBUG [Forwarding newSession on session null to remote] [io.netty.channel.DefaultChannelId.<clinit>(DefaultChannelId.java:101)] - -Dio.netty.machineId: 34:2e:b7:ff:fe:11:e9:fa (auto-detected)
2023-01-16 22:02:25.377 DEBUG [AsyncHttpClient-1-2] [io.netty.buffer.AbstractByteBuf.<clinit>(AbstractByteBuf.java:63)] - -Dio.netty.buffer.checkAccessible: true
2023-01-16 22:02:25.377 DEBUG [AsyncHttpClient-1-2] [io.netty.buffer.AbstractByteBuf.<clinit>(AbstractByteBuf.java:64)] - -Dio.netty.buffer.checkBounds: true
2023-01-16 22:02:25.377 DEBUG [AsyncHttpClient-1-2] [io.netty.util.ResourceLeakDetectorFactory$DefaultResourceLeakDetectorFactory.newResourceLeakDetector(ResourceLeakDetectorFactory.java:196)] - Loaded default ResourceLeakDetector: io.netty.util.ResourceLeakDetector@5143ca72
2023-01-16 22:02:25.398 DEBUG [AsyncHttpClient-1-2] [io.netty.util.Recycler.<clinit>(Recycler.java:85)] - -Dio.netty.recycler.maxCapacityPerThread: 4096
2023-01-16 22:02:25.398 DEBUG [AsyncHttpClient-1-2] [io.netty.util.Recycler.<clinit>(Recycler.java:86)] - -Dio.netty.recycler.ratio: 8
2023-01-16 22:02:25.398 DEBUG [AsyncHttpClient-1-2] [io.netty.util.Recycler.<clinit>(Recycler.java:87)] - -Dio.netty.recycler.chunkSize: 32
2023-01-16 22:02:25.398 DEBUG [AsyncHttpClient-1-2] [io.netty.util.Recycler.<clinit>(Recycler.java:88)] - -Dio.netty.recycler.blocking: false
2023-01-16 22:02:25.978 DEBUG [AsyncHttpClient-1-2] [io.netty.handler.codec.compression.Brotli.<clinit>(Brotli.java:38)] - brotli4j not in the classpath; Brotli support will be unavailable.
2023-01-16 22:02:26.078 DEBUG [main] [io.netty.util.internal.ThreadLocalRandom.newSeed(ThreadLocalRandom.java:214)] - -Dio.netty.initialSeedUniquifier: 0xba3367c7e0042fb3
2023-01-16 22:02:26.120 INFO [main] [test.java.Utilities.CommonOps.initBrowser(CommonOps.java:76)] - Start default Browser [Chrome]
2023-01-16 22:02:26.283 INFO [main] [test.java.Utilities.CommonOps.initBrowser(CommonOps.java:81)] - Maximize browser window
2023-01-16 22:02:27.911 INFO [main] [test.java.Utilities.CommonOps.initUrl(CommonOps.java:86)] - Open URL
2023-01-16 22:02:27.924 INFO [main] [test.java.Utilities.CommonOps.initAction(CommonOps.java:92)] - Initialized the 'Action'
2023-01-16 22:02:27.926 INFO [main] [test.java.Utilities.CommonOps.initWait(CommonOps.java:97)] - Initialized 'wait'
2023-01-16 22:02:27.946 INFO [main] [test.java.Utilities.CommonOps.initPageObjectManager(CommonOps.java:102)] - Initialized POM
2023-01-16 22:02:28.252 ERROR [main] [test.java.Extensions.UiActions.click(UiActions.java:17)] - click on: 'Log In' Button
2023-01-16 22:02:41.863 INFO [main] [test.java.Utilities.CommonOps.tearDown(CommonOps.java:113)] - Browser closed
2023-01-16 22:10:20.966 DEBUG [main] [io.netty.util.internal.logging.InternalLoggerFactory.useLog4J2LoggerFactory(InternalLoggerFactory.java:76)] - Using Log4J2 as the default logging framework
2023-01-16 22:10:20.977 DEBUG [main] [io.netty.util.ResourceLeakDetector.<clinit>(ResourceLeakDetector.java:129)] - -Dio.netty.leakDetection.level: simple
2023-01-16 22:10:20.977 DEBUG [main] [io.netty.util.ResourceLeakDetector.<clinit>(ResourceLeakDetector.java:130)] - -Dio.netty.leakDetection.targetRecords: 4
2023-01-16 22:10:20.981 DEBUG [main] [io.netty.util.ResourceLeakDetectorFactory$DefaultResourceLeakDetectorFactory.newResourceLeakDetector(ResourceLeakDetectorFactory.java:196)] - Loaded default ResourceLeakDetector: io.netty.util.ResourceLeakDetector@33187485
2023-01-16 22:10:21.012 DEBUG [main] [io.netty.util.internal.PlatformDependent0.explicitNoUnsafeCause0(PlatformDependent0.java:496)] - -Dio.netty.noUnsafe: false
2023-01-16 22:10:21.012 DEBUG [main] [io.netty.util.internal.PlatformDependent0.javaVersion0(PlatformDependent0.java:1000)] - Java version: 18
2023-01-16 22:10:21.013 DEBUG [main] [io.netty.util.internal.PlatformDependent0.<clinit>(PlatformDependent0.java:137)] - sun.misc.Unsafe.theUnsafe: available
2023-01-16 22:10:21.014 DEBUG [main] [io.netty.util.internal.PlatformDependent0.<clinit>(PlatformDependent0.java:161)] - sun.misc.Unsafe.copyMemory: available
2023-01-16 22:10:21.014 DEBUG [main] [io.netty.util.internal.PlatformDependent0.<clinit>(PlatformDependent0.java:193)] - sun.misc.Unsafe.storeFence: available
2023-01-16 22:10:21.014 DEBUG [main] [io.netty.util.internal.PlatformDependent0.<clinit>(PlatformDependent0.java:236)] - java.nio.Buffer.address: available
2023-01-16 22:10:21.015 DEBUG [main] [io.netty.util.internal.PlatformDependent0.<clinit>(PlatformDependent0.java:320)] - direct buffer constructor: unavailable: Reflective setAccessible(true) disabled
2023-01-16 22:10:21.016 DEBUG [main] [io.netty.util.internal.PlatformDependent0.<clinit>(PlatformDependent0.java:385)] - java.nio.Bits.unaligned: available, true
2023-01-16 22:10:21.017 DEBUG [main] [io.netty.util.internal.PlatformDependent0.<clinit>(PlatformDependent0.java:452)] - jdk.internal.misc.Unsafe.allocateUninitializedArray(int): unavailable: class io.netty.util.internal.PlatformDependent0$7 cannot access class jdk.internal.misc.Unsafe (in module java.base) because module java.base does not export jdk.internal.misc to unnamed module @78047b92
2023-01-16 22:10:21.018 DEBUG [main] [io.netty.util.internal.PlatformDependent0.<clinit>(PlatformDependent0.java:482)] - java.nio.DirectByteBuffer.<init>(long, int): unavailable
2023-01-16 22:10:21.018 DEBUG [main] [io.netty.util.internal.PlatformDependent.unsafeUnavailabilityCause0(PlatformDependent.java:1159)] - sun.misc.Unsafe: available
2023-01-16 22:10:21.019 DEBUG [main] [io.netty.util.internal.PlatformDependent.estimateMaxDirectMemory(PlatformDependent.java:1270)] - maxDirectMemory: 4213178368 bytes (maybe)
2023-01-16 22:10:21.019 DEBUG [main] [io.netty.util.internal.PlatformDependent.tmpdir0(PlatformDependent.java:1289)] - -Dio.netty.tmpdir: C:\Users\HENBEN~1\AppData\Local\Temp (java.io.tmpdir)
2023-01-16 22:10:21.020 DEBUG [main] [io.netty.util.internal.PlatformDependent.bitMode0(PlatformDependent.java:1368)] - -Dio.netty.bitMode: 64 (sun.arch.data.model)
2023-01-16 22:10:21.020 DEBUG [main] [io.netty.util.internal.PlatformDependent.isWindows0(PlatformDependent.java:1119)] - Platform: Windows
2023-01-16 22:10:21.021 DEBUG [main] [io.netty.util.internal.PlatformDependent.<clinit>(PlatformDependent.java:178)] - -Dio.netty.maxDirectMemory: -1 bytes
2023-01-16 22:10:21.021 DEBUG [main] [io.netty.util.internal.PlatformDependent.<clinit>(PlatformDependent.java:185)] - -Dio.netty.uninitializedArrayAllocationThreshold: -1
2023-01-16 22:10:21.022 DEBUG [main] [io.netty.util.internal.CleanerJava9.<clinit>(CleanerJava9.java:71)] - java.nio.ByteBuffer.cleaner(): available
2023-01-16 22:10:21.023 DEBUG [main] [io.netty.util.internal.PlatformDependent.<clinit>(PlatformDependent.java:205)] - -Dio.netty.noPreferDirect: false
2023-01-16 22:10:21.036 DEBUG [main] [io.netty.util.internal.PlatformDependent$Mpsc.<clinit>(PlatformDependent.java:1010)] - org.jctools-core.MpscChunkedArrayQueue: available
2023-01-16 22:10:21.063 DEBUG [main] [io.netty.util.internal.InternalThreadLocalMap.<clinit>(InternalThreadLocalMap.java:86)] - -Dio.netty.threadLocalMap.stringBuilder.initialSize: 1024
2023-01-16 22:10:21.063 DEBUG [main] [io.netty.util.internal.InternalThreadLocalMap.<clinit>(InternalThreadLocalMap.java:89)] - -Dio.netty.threadLocalMap.stringBuilder.maxSize: 4096
2023-01-16 22:10:21.109 DEBUG [main] [io.netty.handler.ssl.JdkSslContext.<clinit>(JdkSslContext.java:83)] - Default protocols (JDK): [TLSv1.3, TLSv1.2] 
2023-01-16 22:10:21.109 DEBUG [main] [io.netty.handler.ssl.JdkSslContext.<clinit>(JdkSslContext.java:84)] - Default cipher suites (JDK): [TLS_ECDHE_ECDSA_WITH_AES_256_GCM_SHA384, TLS_ECDHE_ECDSA_WITH_AES_128_GCM_SHA256, TLS_ECDHE_RSA_WITH_AES_128_GCM_SHA256, TLS_ECDHE_RSA_WITH_AES_256_GCM_SHA384, TLS_ECDHE_RSA_WITH_AES_128_CBC_SHA, TLS_ECDHE_RSA_WITH_AES_256_CBC_SHA, TLS_RSA_WITH_AES_128_GCM_SHA256, TLS_RSA_WITH_AES_128_CBC_SHA, TLS_RSA_WITH_AES_256_CBC_SHA, TLS_AES_128_GCM_SHA256, TLS_AES_256_GCM_SHA384]
2023-01-16 22:10:21.149 DEBUG [main] [io.netty.channel.MultithreadEventLoopGroup.<clinit>(MultithreadEventLoopGroup.java:44)] - -Dio.netty.eventLoopThreads: 16
2023-01-16 22:10:21.161 DEBUG [main] [io.netty.channel.nio.NioEventLoop.<clinit>(NioEventLoop.java:110)] - -Dio.netty.noKeySetOptimization: false
2023-01-16 22:10:21.161 DEBUG [main] [io.netty.channel.nio.NioEventLoop.<clinit>(NioEventLoop.java:111)] - -Dio.netty.selectorAutoRebuildThreshold: 512
2023-01-16 22:10:21.252 DEBUG [main] [io.netty.buffer.PooledByteBufAllocator.<clinit>(PooledByteBufAllocator.java:157)] - -Dio.netty.allocator.numHeapArenas: 16
2023-01-16 22:10:21.253 DEBUG [main] [io.netty.buffer.PooledByteBufAllocator.<clinit>(PooledByteBufAllocator.java:158)] - -Dio.netty.allocator.numDirectArenas: 16
2023-01-16 22:10:21.253 DEBUG [main] [io.netty.buffer.PooledByteBufAllocator.<clinit>(PooledByteBufAllocator.java:160)] - -Dio.netty.allocator.pageSize: 8192
2023-01-16 22:10:21.253 DEBUG [main] [io.netty.buffer.PooledByteBufAllocator.<clinit>(PooledByteBufAllocator.java:165)] - -Dio.netty.allocator.maxOrder: 9
2023-01-16 22:10:21.253 DEBUG [main] [io.netty.buffer.PooledByteBufAllocator.<clinit>(PooledByteBufAllocator.java:169)] - -Dio.netty.allocator.chunkSize: 4194304
2023-01-16 22:10:21.253 DEBUG [main] [io.netty.buffer.PooledByteBufAllocator.<clinit>(PooledByteBufAllocator.java:170)] - -Dio.netty.allocator.smallCacheSize: 256
2023-01-16 22:10:21.253 DEBUG [main] [io.netty.buffer.PooledByteBufAllocator.<clinit>(PooledByteBufAllocator.java:171)] - -Dio.netty.allocator.normalCacheSize: 64
2023-01-16 22:10:21.253 DEBUG [main] [io.netty.buffer.PooledByteBufAllocator.<clinit>(PooledByteBufAllocator.java:172)] - -Dio.netty.allocator.maxCachedBufferCapacity: 32768
2023-01-16 22:10:21.253 DEBUG [main] [io.netty.buffer.PooledByteBufAllocator.<clinit>(PooledByteBufAllocator.java:173)] - -Dio.netty.allocator.cacheTrimInterval: 8192
2023-01-16 22:10:21.253 DEBUG [main] [io.netty.buffer.PooledByteBufAllocator.<clinit>(PooledByteBufAllocator.java:174)] - -Dio.netty.allocator.cacheTrimIntervalMillis: 0
2023-01-16 22:10:21.253 DEBUG [main] [io.netty.buffer.PooledByteBufAllocator.<clinit>(PooledByteBufAllocator.java:175)] - -Dio.netty.allocator.useCacheForAllThreads: false
2023-01-16 22:10:21.253 DEBUG [main] [io.netty.buffer.PooledByteBufAllocator.<clinit>(PooledByteBufAllocator.java:176)] - -Dio.netty.allocator.maxCachedByteBuffersPerChunk: 1023
2023-01-16 22:10:21.264 DEBUG [main] [io.netty.buffer.ByteBufUtil.<clinit>(ByteBufUtil.java:87)] - -Dio.netty.allocator.type: pooled
2023-01-16 22:10:21.264 DEBUG [main] [io.netty.buffer.ByteBufUtil.<clinit>(ByteBufUtil.java:96)] - -Dio.netty.threadLocalDirectBufferSize: 0
2023-01-16 22:10:21.264 DEBUG [main] [io.netty.buffer.ByteBufUtil.<clinit>(ByteBufUtil.java:99)] - -Dio.netty.maxThreadLocalCharBufferSize: 16384
2023-01-16 22:10:21.558 DEBUG [Forwarding newSession on session null to remote] [io.netty.channel.DefaultChannelId.<clinit>(DefaultChannelId.java:79)] - -Dio.netty.processId: 20544 (auto-detected)
2023-01-16 22:10:21.566 DEBUG [Forwarding newSession on session null to remote] [io.netty.util.NetUtil.<clinit>(NetUtil.java:136)] - -Djava.net.preferIPv4Stack: false
2023-01-16 22:10:21.566 DEBUG [Forwarding newSession on session null to remote] [io.netty.util.NetUtil.<clinit>(NetUtil.java:137)] - -Djava.net.preferIPv6Addresses: false
2023-01-16 22:10:21.575 DEBUG [Forwarding newSession on session null to remote] [io.netty.util.NetUtilInitializations.determineLoopback(NetUtilInitializations.java:129)] - Loopback interface: lo (Software Loopback Interface 1, 127.0.0.1)
2023-01-16 22:10:21.576 DEBUG [Forwarding newSession on session null to remote] [io.netty.util.NetUtil$SoMaxConnAction.run(NetUtil.java:191)] - Failed to get SOMAXCONN from sysctl and file \proc\sys\net\core\somaxconn. Default: 200
2023-01-16 22:10:21.610 DEBUG [Forwarding newSession on session null to remote] [io.netty.channel.DefaultChannelId.<clinit>(DefaultChannelId.java:101)] - -Dio.netty.machineId: 34:2e:b7:ff:fe:11:e9:fa (auto-detected)
2023-01-16 22:10:21.662 DEBUG [AsyncHttpClient-1-2] [io.netty.buffer.AbstractByteBuf.<clinit>(AbstractByteBuf.java:63)] - -Dio.netty.buffer.checkAccessible: true
2023-01-16 22:10:21.662 DEBUG [AsyncHttpClient-1-2] [io.netty.buffer.AbstractByteBuf.<clinit>(AbstractByteBuf.java:64)] - -Dio.netty.buffer.checkBounds: true
2023-01-16 22:10:21.662 DEBUG [AsyncHttpClient-1-2] [io.netty.util.ResourceLeakDetectorFactory$DefaultResourceLeakDetectorFactory.newResourceLeakDetector(ResourceLeakDetectorFactory.java:196)] - Loaded default ResourceLeakDetector: io.netty.util.ResourceLeakDetector@5143ca72
2023-01-16 22:10:21.684 DEBUG [AsyncHttpClient-1-2] [io.netty.util.Recycler.<clinit>(Recycler.java:85)] - -Dio.netty.recycler.maxCapacityPerThread: 4096
2023-01-16 22:10:21.684 DEBUG [AsyncHttpClient-1-2] [io.netty.util.Recycler.<clinit>(Recycler.java:86)] - -Dio.netty.recycler.ratio: 8
2023-01-16 22:10:21.684 DEBUG [AsyncHttpClient-1-2] [io.netty.util.Recycler.<clinit>(Recycler.java:87)] - -Dio.netty.recycler.chunkSize: 32
2023-01-16 22:10:21.684 DEBUG [AsyncHttpClient-1-2] [io.netty.util.Recycler.<clinit>(Recycler.java:88)] - -Dio.netty.recycler.blocking: false
2023-01-16 22:10:22.230 DEBUG [AsyncHttpClient-1-2] [io.netty.handler.codec.compression.Brotli.<clinit>(Brotli.java:38)] - brotli4j not in the classpath; Brotli support will be unavailable.
2023-01-16 22:10:22.378 DEBUG [main] [io.netty.util.internal.ThreadLocalRandom.newSeed(ThreadLocalRandom.java:214)] - -Dio.netty.initialSeedUniquifier: 0x59d8dc086d6adac8
2023-01-16 22:10:22.443 INFO [main] [test.java.Utilities.CommonOps.initBrowser(CommonOps.java:76)] - Start default Browser [Chrome]
2023-01-16 22:10:22.566 INFO [main] [test.java.Utilities.CommonOps.initBrowser(CommonOps.java:81)] - Maximize browser window
2023-01-16 22:10:24.214 INFO [main] [test.java.Utilities.CommonOps.initUrl(CommonOps.java:86)] - Open URL
2023-01-16 22:10:24.229 INFO [main] [test.java.Utilities.CommonOps.initAction(CommonOps.java:92)] - Initialized the 'Action'
2023-01-16 22:10:24.232 INFO [main] [test.java.Utilities.CommonOps.initWait(CommonOps.java:97)] - Initialized 'wait'
2023-01-16 22:10:24.252 INFO [main] [test.java.Utilities.CommonOps.initPageObjectManager(CommonOps.java:102)] - Initialized POM
2023-01-16 22:10:32.216 INFO [main] [test.java.Utilities.CommonOps.tearDown(CommonOps.java:113)] - Browser closed
2023-01-16 22:11:43.792 DEBUG [main] [io.netty.util.internal.logging.InternalLoggerFactory.useLog4J2LoggerFactory(InternalLoggerFactory.java:76)] - Using Log4J2 as the default logging framework
2023-01-16 22:11:43.800 DEBUG [main] [io.netty.util.ResourceLeakDetector.<clinit>(ResourceLeakDetector.java:129)] - -Dio.netty.leakDetection.level: simple
2023-01-16 22:11:43.801 DEBUG [main] [io.netty.util.ResourceLeakDetector.<clinit>(ResourceLeakDetector.java:130)] - -Dio.netty.leakDetection.targetRecords: 4
2023-01-16 22:11:43.805 DEBUG [main] [io.netty.util.ResourceLeakDetectorFactory$DefaultResourceLeakDetectorFactory.newResourceLeakDetector(ResourceLeakDetectorFactory.java:196)] - Loaded default ResourceLeakDetector: io.netty.util.ResourceLeakDetector@1f0e2bdc
2023-01-16 22:11:43.830 DEBUG [main] [io.netty.util.internal.PlatformDependent0.explicitNoUnsafeCause0(PlatformDependent0.java:496)] - -Dio.netty.noUnsafe: false
2023-01-16 22:11:43.830 DEBUG [main] [io.netty.util.internal.PlatformDependent0.javaVersion0(PlatformDependent0.java:1000)] - Java version: 18
2023-01-16 22:11:43.832 DEBUG [main] [io.netty.util.internal.PlatformDependent0.<clinit>(PlatformDependent0.java:137)] - sun.misc.Unsafe.theUnsafe: available
2023-01-16 22:11:43.832 DEBUG [main] [io.netty.util.internal.PlatformDependent0.<clinit>(PlatformDependent0.java:161)] - sun.misc.Unsafe.copyMemory: available
2023-01-16 22:11:43.833 DEBUG [main] [io.netty.util.internal.PlatformDependent0.<clinit>(PlatformDependent0.java:193)] - sun.misc.Unsafe.storeFence: available
2023-01-16 22:11:43.833 DEBUG [main] [io.netty.util.internal.PlatformDependent0.<clinit>(PlatformDependent0.java:236)] - java.nio.Buffer.address: available
2023-01-16 22:11:43.834 DEBUG [main] [io.netty.util.internal.PlatformDependent0.<clinit>(PlatformDependent0.java:320)] - direct buffer constructor: unavailable: Reflective setAccessible(true) disabled
2023-01-16 22:11:43.834 DEBUG [main] [io.netty.util.internal.PlatformDependent0.<clinit>(PlatformDependent0.java:385)] - java.nio.Bits.unaligned: available, true
2023-01-16 22:11:43.835 DEBUG [main] [io.netty.util.internal.PlatformDependent0.<clinit>(PlatformDependent0.java:452)] - jdk.internal.misc.Unsafe.allocateUninitializedArray(int): unavailable: class io.netty.util.internal.PlatformDependent0$7 cannot access class jdk.internal.misc.Unsafe (in module java.base) because module java.base does not export jdk.internal.misc to unnamed module @78047b92
2023-01-16 22:11:43.836 DEBUG [main] [io.netty.util.internal.PlatformDependent0.<clinit>(PlatformDependent0.java:482)] - java.nio.DirectByteBuffer.<init>(long, int): unavailable
2023-01-16 22:11:43.836 DEBUG [main] [io.netty.util.internal.PlatformDependent.unsafeUnavailabilityCause0(PlatformDependent.java:1159)] - sun.misc.Unsafe: available
2023-01-16 22:11:43.836 DEBUG [main] [io.netty.util.internal.PlatformDependent.estimateMaxDirectMemory(PlatformDependent.java:1270)] - maxDirectMemory: 4213178368 bytes (maybe)
2023-01-16 22:11:43.837 DEBUG [main] [io.netty.util.internal.PlatformDependent.tmpdir0(PlatformDependent.java:1289)] - -Dio.netty.tmpdir: C:\Users\HENBEN~1\AppData\Local\Temp (java.io.tmpdir)
2023-01-16 22:11:43.837 DEBUG [main] [io.netty.util.internal.PlatformDependent.bitMode0(PlatformDependent.java:1368)] - -Dio.netty.bitMode: 64 (sun.arch.data.model)
2023-01-16 22:11:43.837 DEBUG [main] [io.netty.util.internal.PlatformDependent.isWindows0(PlatformDependent.java:1119)] - Platform: Windows
2023-01-16 22:11:43.838 DEBUG [main] [io.netty.util.internal.PlatformDependent.<clinit>(PlatformDependent.java:178)] - -Dio.netty.maxDirectMemory: -1 bytes
2023-01-16 22:11:43.838 DEBUG [main] [io.netty.util.internal.PlatformDependent.<clinit>(PlatformDependent.java:185)] - -Dio.netty.uninitializedArrayAllocationThreshold: -1
2023-01-16 22:11:43.839 DEBUG [main] [io.netty.util.internal.CleanerJava9.<clinit>(CleanerJava9.java:71)] - java.nio.ByteBuffer.cleaner(): available
2023-01-16 22:11:43.839 DEBUG [main] [io.netty.util.internal.PlatformDependent.<clinit>(PlatformDependent.java:205)] - -Dio.netty.noPreferDirect: false
2023-01-16 22:11:43.852 DEBUG [main] [io.netty.util.internal.PlatformDependent$Mpsc.<clinit>(PlatformDependent.java:1010)] - org.jctools-core.MpscChunkedArrayQueue: available
2023-01-16 22:11:43.877 DEBUG [main] [io.netty.util.internal.InternalThreadLocalMap.<clinit>(InternalThreadLocalMap.java:86)] - -Dio.netty.threadLocalMap.stringBuilder.initialSize: 1024
2023-01-16 22:11:43.878 DEBUG [main] [io.netty.util.internal.InternalThreadLocalMap.<clinit>(InternalThreadLocalMap.java:89)] - -Dio.netty.threadLocalMap.stringBuilder.maxSize: 4096
2023-01-16 22:11:43.916 DEBUG [main] [io.netty.handler.ssl.JdkSslContext.<clinit>(JdkSslContext.java:83)] - Default protocols (JDK): [TLSv1.3, TLSv1.2] 
2023-01-16 22:11:43.916 DEBUG [main] [io.netty.handler.ssl.JdkSslContext.<clinit>(JdkSslContext.java:84)] - Default cipher suites (JDK): [TLS_ECDHE_ECDSA_WITH_AES_256_GCM_SHA384, TLS_ECDHE_ECDSA_WITH_AES_128_GCM_SHA256, TLS_ECDHE_RSA_WITH_AES_128_GCM_SHA256, TLS_ECDHE_RSA_WITH_AES_256_GCM_SHA384, TLS_ECDHE_RSA_WITH_AES_128_CBC_SHA, TLS_ECDHE_RSA_WITH_AES_256_CBC_SHA, TLS_RSA_WITH_AES_128_GCM_SHA256, TLS_RSA_WITH_AES_128_CBC_SHA, TLS_RSA_WITH_AES_256_CBC_SHA, TLS_AES_128_GCM_SHA256, TLS_AES_256_GCM_SHA384]
2023-01-16 22:11:43.961 DEBUG [main] [io.netty.channel.MultithreadEventLoopGroup.<clinit>(MultithreadEventLoopGroup.java:44)] - -Dio.netty.eventLoopThreads: 16
2023-01-16 22:11:43.971 DEBUG [main] [io.netty.channel.nio.NioEventLoop.<clinit>(NioEventLoop.java:110)] - -Dio.netty.noKeySetOptimization: false
2023-01-16 22:11:43.971 DEBUG [main] [io.netty.channel.nio.NioEventLoop.<clinit>(NioEventLoop.java:111)] - -Dio.netty.selectorAutoRebuildThreshold: 512
2023-01-16 22:11:44.058 DEBUG [main] [io.netty.buffer.PooledByteBufAllocator.<clinit>(PooledByteBufAllocator.java:157)] - -Dio.netty.allocator.numHeapArenas: 16
2023-01-16 22:11:44.058 DEBUG [main] [io.netty.buffer.PooledByteBufAllocator.<clinit>(PooledByteBufAllocator.java:158)] - -Dio.netty.allocator.numDirectArenas: 16
2023-01-16 22:11:44.058 DEBUG [main] [io.netty.buffer.PooledByteBufAllocator.<clinit>(PooledByteBufAllocator.java:160)] - -Dio.netty.allocator.pageSize: 8192
2023-01-16 22:11:44.058 DEBUG [main] [io.netty.buffer.PooledByteBufAllocator.<clinit>(PooledByteBufAllocator.java:165)] - -Dio.netty.allocator.maxOrder: 9
2023-01-16 22:11:44.059 DEBUG [main] [io.netty.buffer.PooledByteBufAllocator.<clinit>(PooledByteBufAllocator.java:169)] - -Dio.netty.allocator.chunkSize: 4194304
2023-01-16 22:11:44.059 DEBUG [main] [io.netty.buffer.PooledByteBufAllocator.<clinit>(PooledByteBufAllocator.java:170)] - -Dio.netty.allocator.smallCacheSize: 256
2023-01-16 22:11:44.059 DEBUG [main] [io.netty.buffer.PooledByteBufAllocator.<clinit>(PooledByteBufAllocator.java:171)] - -Dio.netty.allocator.normalCacheSize: 64
2023-01-16 22:11:44.059 DEBUG [main] [io.netty.buffer.PooledByteBufAllocator.<clinit>(PooledByteBufAllocator.java:172)] - -Dio.netty.allocator.maxCachedBufferCapacity: 32768
2023-01-16 22:11:44.059 DEBUG [main] [io.netty.buffer.PooledByteBufAllocator.<clinit>(PooledByteBufAllocator.java:173)] - -Dio.netty.allocator.cacheTrimInterval: 8192
2023-01-16 22:11:44.059 DEBUG [main] [io.netty.buffer.PooledByteBufAllocator.<clinit>(PooledByteBufAllocator.java:174)] - -Dio.netty.allocator.cacheTrimIntervalMillis: 0
2023-01-16 22:11:44.059 DEBUG [main] [io.netty.buffer.PooledByteBufAllocator.<clinit>(PooledByteBufAllocator.java:175)] - -Dio.netty.allocator.useCacheForAllThreads: false
2023-01-16 22:11:44.059 DEBUG [main] [io.netty.buffer.PooledByteBufAllocator.<clinit>(PooledByteBufAllocator.java:176)] - -Dio.netty.allocator.maxCachedByteBuffersPerChunk: 1023
2023-01-16 22:11:44.070 DEBUG [main] [io.netty.buffer.ByteBufUtil.<clinit>(ByteBufUtil.java:87)] - -Dio.netty.allocator.type: pooled
2023-01-16 22:11:44.070 DEBUG [main] [io.netty.buffer.ByteBufUtil.<clinit>(ByteBufUtil.java:96)] - -Dio.netty.threadLocalDirectBufferSize: 0
2023-01-16 22:11:44.070 DEBUG [main] [io.netty.buffer.ByteBufUtil.<clinit>(ByteBufUtil.java:99)] - -Dio.netty.maxThreadLocalCharBufferSize: 16384
2023-01-16 22:11:44.368 DEBUG [Forwarding newSession on session null to remote] [io.netty.channel.DefaultChannelId.<clinit>(DefaultChannelId.java:79)] - -Dio.netty.processId: 24176 (auto-detected)
2023-01-16 22:11:44.370 DEBUG [Forwarding newSession on session null to remote] [io.netty.util.NetUtil.<clinit>(NetUtil.java:136)] - -Djava.net.preferIPv4Stack: false
2023-01-16 22:11:44.370 DEBUG [Forwarding newSession on session null to remote] [io.netty.util.NetUtil.<clinit>(NetUtil.java:137)] - -Djava.net.preferIPv6Addresses: false
2023-01-16 22:11:44.377 DEBUG [Forwarding newSession on session null to remote] [io.netty.util.NetUtilInitializations.determineLoopback(NetUtilInitializations.java:129)] - Loopback interface: lo (Software Loopback Interface 1, 127.0.0.1)
2023-01-16 22:11:44.378 DEBUG [Forwarding newSession on session null to remote] [io.netty.util.NetUtil$SoMaxConnAction.run(NetUtil.java:191)] - Failed to get SOMAXCONN from sysctl and file \proc\sys\net\core\somaxconn. Default: 200
2023-01-16 22:11:44.407 DEBUG [Forwarding newSession on session null to remote] [io.netty.channel.DefaultChannelId.<clinit>(DefaultChannelId.java:101)] - -Dio.netty.machineId: 34:2e:b7:ff:fe:11:e9:fa (auto-detected)
2023-01-16 22:11:44.490 DEBUG [AsyncHttpClient-1-2] [io.netty.buffer.AbstractByteBuf.<clinit>(AbstractByteBuf.java:63)] - -Dio.netty.buffer.checkAccessible: true
2023-01-16 22:11:44.490 DEBUG [AsyncHttpClient-1-2] [io.netty.buffer.AbstractByteBuf.<clinit>(AbstractByteBuf.java:64)] - -Dio.netty.buffer.checkBounds: true
2023-01-16 22:11:44.490 DEBUG [AsyncHttpClient-1-2] [io.netty.util.ResourceLeakDetectorFactory$DefaultResourceLeakDetectorFactory.newResourceLeakDetector(ResourceLeakDetectorFactory.java:196)] - Loaded default ResourceLeakDetector: io.netty.util.ResourceLeakDetector@257c3d09
2023-01-16 22:11:44.509 DEBUG [AsyncHttpClient-1-2] [io.netty.util.Recycler.<clinit>(Recycler.java:85)] - -Dio.netty.recycler.maxCapacityPerThread: 4096
2023-01-16 22:11:44.509 DEBUG [AsyncHttpClient-1-2] [io.netty.util.Recycler.<clinit>(Recycler.java:86)] - -Dio.netty.recycler.ratio: 8
2023-01-16 22:11:44.509 DEBUG [AsyncHttpClient-1-2] [io.netty.util.Recycler.<clinit>(Recycler.java:87)] - -Dio.netty.recycler.chunkSize: 32
2023-01-16 22:11:44.509 DEBUG [AsyncHttpClient-1-2] [io.netty.util.Recycler.<clinit>(Recycler.java:88)] - -Dio.netty.recycler.blocking: false
2023-01-16 22:11:45.079 DEBUG [AsyncHttpClient-1-2] [io.netty.handler.codec.compression.Brotli.<clinit>(Brotli.java:38)] - brotli4j not in the classpath; Brotli support will be unavailable.
2023-01-16 22:11:45.252 DEBUG [main] [io.netty.util.internal.ThreadLocalRandom.newSeed(ThreadLocalRandom.java:214)] - -Dio.netty.initialSeedUniquifier: 0x8bdca1a41bc0dc65
2023-01-16 22:11:45.329 INFO [main] [test.java.Utilities.CommonOps.initBrowser(CommonOps.java:76)] - Start default Browser [Chrome]
2023-01-16 22:11:45.486 INFO [main] [test.java.Utilities.CommonOps.initBrowser(CommonOps.java:81)] - Maximize browser window
2023-01-16 22:11:47.373 INFO [main] [test.java.Utilities.CommonOps.initUrl(CommonOps.java:86)] - Open URL
2023-01-16 22:11:47.388 INFO [main] [test.java.Utilities.CommonOps.initAction(CommonOps.java:92)] - Initialized the 'Action'
2023-01-16 22:11:47.390 INFO [main] [test.java.Utilities.CommonOps.initWait(CommonOps.java:97)] - Initialized 'wait'
2023-01-16 22:11:47.408 INFO [main] [test.java.Utilities.CommonOps.initPageObjectManager(CommonOps.java:102)] - Initialized POM
2023-01-16 22:11:55.265 INFO [main] [test.java.Utilities.CommonOps.tearDown(CommonOps.java:113)] - Browser closed
2023-01-16 22:15:05.463 DEBUG [main] [io.netty.util.internal.logging.InternalLoggerFactory.useLog4J2LoggerFactory(InternalLoggerFactory.java:76)] - Using Log4J2 as the default logging framework
2023-01-16 22:15:05.472 DEBUG [main] [io.netty.util.ResourceLeakDetector.<clinit>(ResourceLeakDetector.java:129)] - -Dio.netty.leakDetection.level: simple
2023-01-16 22:15:05.472 DEBUG [main] [io.netty.util.ResourceLeakDetector.<clinit>(ResourceLeakDetector.java:130)] - -Dio.netty.leakDetection.targetRecords: 4
2023-01-16 22:15:05.481 DEBUG [main] [io.netty.util.ResourceLeakDetectorFactory$DefaultResourceLeakDetectorFactory.newResourceLeakDetector(ResourceLeakDetectorFactory.java:196)] - Loaded default ResourceLeakDetector: io.netty.util.ResourceLeakDetector@682266d8
2023-01-16 22:15:05.512 DEBUG [main] [io.netty.util.internal.PlatformDependent0.explicitNoUnsafeCause0(PlatformDependent0.java:496)] - -Dio.netty.noUnsafe: false
2023-01-16 22:15:05.512 DEBUG [main] [io.netty.util.internal.PlatformDependent0.javaVersion0(PlatformDependent0.java:1000)] - Java version: 18
2023-01-16 22:15:05.513 DEBUG [main] [io.netty.util.internal.PlatformDependent0.<clinit>(PlatformDependent0.java:137)] - sun.misc.Unsafe.theUnsafe: available
2023-01-16 22:15:05.514 DEBUG [main] [io.netty.util.internal.PlatformDependent0.<clinit>(PlatformDependent0.java:161)] - sun.misc.Unsafe.copyMemory: available
2023-01-16 22:15:05.515 DEBUG [main] [io.netty.util.internal.PlatformDependent0.<clinit>(PlatformDependent0.java:193)] - sun.misc.Unsafe.storeFence: available
2023-01-16 22:15:05.515 DEBUG [main] [io.netty.util.internal.PlatformDependent0.<clinit>(PlatformDependent0.java:236)] - java.nio.Buffer.address: available
2023-01-16 22:15:05.516 DEBUG [main] [io.netty.util.internal.PlatformDependent0.<clinit>(PlatformDependent0.java:320)] - direct buffer constructor: unavailable: Reflective setAccessible(true) disabled
2023-01-16 22:15:05.516 DEBUG [main] [io.netty.util.internal.PlatformDependent0.<clinit>(PlatformDependent0.java:385)] - java.nio.Bits.unaligned: available, true
2023-01-16 22:15:05.517 DEBUG [main] [io.netty.util.internal.PlatformDependent0.<clinit>(PlatformDependent0.java:452)] - jdk.internal.misc.Unsafe.allocateUninitializedArray(int): unavailable: class io.netty.util.internal.PlatformDependent0$7 cannot access class jdk.internal.misc.Unsafe (in module java.base) because module java.base does not export jdk.internal.misc to unnamed module @78047b92
2023-01-16 22:15:05.518 DEBUG [main] [io.netty.util.internal.PlatformDependent0.<clinit>(PlatformDependent0.java:482)] - java.nio.DirectByteBuffer.<init>(long, int): unavailable
2023-01-16 22:15:05.518 DEBUG [main] [io.netty.util.internal.PlatformDependent.unsafeUnavailabilityCause0(PlatformDependent.java:1159)] - sun.misc.Unsafe: available
2023-01-16 22:15:05.519 DEBUG [main] [io.netty.util.internal.PlatformDependent.estimateMaxDirectMemory(PlatformDependent.java:1270)] - maxDirectMemory: 4213178368 bytes (maybe)
2023-01-16 22:15:05.519 DEBUG [main] [io.netty.util.internal.PlatformDependent.tmpdir0(PlatformDependent.java:1289)] - -Dio.netty.tmpdir: C:\Users\HENBEN~1\AppData\Local\Temp (java.io.tmpdir)
2023-01-16 22:15:05.519 DEBUG [main] [io.netty.util.internal.PlatformDependent.bitMode0(PlatformDependent.java:1368)] - -Dio.netty.bitMode: 64 (sun.arch.data.model)
2023-01-16 22:15:05.519 DEBUG [main] [io.netty.util.internal.PlatformDependent.isWindows0(PlatformDependent.java:1119)] - Platform: Windows
2023-01-16 22:15:05.520 DEBUG [main] [io.netty.util.internal.PlatformDependent.<clinit>(PlatformDependent.java:178)] - -Dio.netty.maxDirectMemory: -1 bytes
2023-01-16 22:15:05.520 DEBUG [main] [io.netty.util.internal.PlatformDependent.<clinit>(PlatformDependent.java:185)] - -Dio.netty.uninitializedArrayAllocationThreshold: -1
2023-01-16 22:15:05.522 DEBUG [main] [io.netty.util.internal.CleanerJava9.<clinit>(CleanerJava9.java:71)] - java.nio.ByteBuffer.cleaner(): available
2023-01-16 22:15:05.522 DEBUG [main] [io.netty.util.internal.PlatformDependent.<clinit>(PlatformDependent.java:205)] - -Dio.netty.noPreferDirect: false
2023-01-16 22:15:05.538 DEBUG [main] [io.netty.util.internal.PlatformDependent$Mpsc.<clinit>(PlatformDependent.java:1010)] - org.jctools-core.MpscChunkedArrayQueue: available
2023-01-16 22:15:05.564 DEBUG [main] [io.netty.util.internal.InternalThreadLocalMap.<clinit>(InternalThreadLocalMap.java:86)] - -Dio.netty.threadLocalMap.stringBuilder.initialSize: 1024
2023-01-16 22:15:05.565 DEBUG [main] [io.netty.util.internal.InternalThreadLocalMap.<clinit>(InternalThreadLocalMap.java:89)] - -Dio.netty.threadLocalMap.stringBuilder.maxSize: 4096
2023-01-16 22:15:05.615 DEBUG [main] [io.netty.handler.ssl.JdkSslContext.<clinit>(JdkSslContext.java:83)] - Default protocols (JDK): [TLSv1.3, TLSv1.2] 
2023-01-16 22:15:05.616 DEBUG [main] [io.netty.handler.ssl.JdkSslContext.<clinit>(JdkSslContext.java:84)] - Default cipher suites (JDK): [TLS_ECDHE_ECDSA_WITH_AES_256_GCM_SHA384, TLS_ECDHE_ECDSA_WITH_AES_128_GCM_SHA256, TLS_ECDHE_RSA_WITH_AES_128_GCM_SHA256, TLS_ECDHE_RSA_WITH_AES_256_GCM_SHA384, TLS_ECDHE_RSA_WITH_AES_128_CBC_SHA, TLS_ECDHE_RSA_WITH_AES_256_CBC_SHA, TLS_RSA_WITH_AES_128_GCM_SHA256, TLS_RSA_WITH_AES_128_CBC_SHA, TLS_RSA_WITH_AES_256_CBC_SHA, TLS_AES_128_GCM_SHA256, TLS_AES_256_GCM_SHA384]
2023-01-16 22:15:05.653 DEBUG [main] [io.netty.channel.MultithreadEventLoopGroup.<clinit>(MultithreadEventLoopGroup.java:44)] - -Dio.netty.eventLoopThreads: 16
2023-01-16 22:15:05.663 DEBUG [main] [io.netty.channel.nio.NioEventLoop.<clinit>(NioEventLoop.java:110)] - -Dio.netty.noKeySetOptimization: false
2023-01-16 22:15:05.663 DEBUG [main] [io.netty.channel.nio.NioEventLoop.<clinit>(NioEventLoop.java:111)] - -Dio.netty.selectorAutoRebuildThreshold: 512
2023-01-16 22:15:05.772 DEBUG [main] [io.netty.buffer.PooledByteBufAllocator.<clinit>(PooledByteBufAllocator.java:157)] - -Dio.netty.allocator.numHeapArenas: 16
2023-01-16 22:15:05.772 DEBUG [main] [io.netty.buffer.PooledByteBufAllocator.<clinit>(PooledByteBufAllocator.java:158)] - -Dio.netty.allocator.numDirectArenas: 16
2023-01-16 22:15:05.772 DEBUG [main] [io.netty.buffer.PooledByteBufAllocator.<clinit>(PooledByteBufAllocator.java:160)] - -Dio.netty.allocator.pageSize: 8192
2023-01-16 22:15:05.772 DEBUG [main] [io.netty.buffer.PooledByteBufAllocator.<clinit>(PooledByteBufAllocator.java:165)] - -Dio.netty.allocator.maxOrder: 9
2023-01-16 22:15:05.772 DEBUG [main] [io.netty.buffer.PooledByteBufAllocator.<clinit>(PooledByteBufAllocator.java:169)] - -Dio.netty.allocator.chunkSize: 4194304
2023-01-16 22:15:05.772 DEBUG [main] [io.netty.buffer.PooledByteBufAllocator.<clinit>(PooledByteBufAllocator.java:170)] - -Dio.netty.allocator.smallCacheSize: 256
2023-01-16 22:15:05.773 DEBUG [main] [io.netty.buffer.PooledByteBufAllocator.<clinit>(PooledByteBufAllocator.java:171)] - -Dio.netty.allocator.normalCacheSize: 64
2023-01-16 22:15:05.773 DEBUG [main] [io.netty.buffer.PooledByteBufAllocator.<clinit>(PooledByteBufAllocator.java:172)] - -Dio.netty.allocator.maxCachedBufferCapacity: 32768
2023-01-16 22:15:05.773 DEBUG [main] [io.netty.buffer.PooledByteBufAllocator.<clinit>(PooledByteBufAllocator.java:173)] - -Dio.netty.allocator.cacheTrimInterval: 8192
2023-01-16 22:15:05.773 DEBUG [main] [io.netty.buffer.PooledByteBufAllocator.<clinit>(PooledByteBufAllocator.java:174)] - -Dio.netty.allocator.cacheTrimIntervalMillis: 0
2023-01-16 22:15:05.773 DEBUG [main] [io.netty.buffer.PooledByteBufAllocator.<clinit>(PooledByteBufAllocator.java:175)] - -Dio.netty.allocator.useCacheForAllThreads: false
2023-01-16 22:15:05.773 DEBUG [main] [io.netty.buffer.PooledByteBufAllocator.<clinit>(PooledByteBufAllocator.java:176)] - -Dio.netty.allocator.maxCachedByteBuffersPerChunk: 1023
2023-01-16 22:15:05.787 DEBUG [main] [io.netty.buffer.ByteBufUtil.<clinit>(ByteBufUtil.java:87)] - -Dio.netty.allocator.type: pooled
2023-01-16 22:15:05.787 DEBUG [main] [io.netty.buffer.ByteBufUtil.<clinit>(ByteBufUtil.java:96)] - -Dio.netty.threadLocalDirectBufferSize: 0
2023-01-16 22:15:05.787 DEBUG [main] [io.netty.buffer.ByteBufUtil.<clinit>(ByteBufUtil.java:99)] - -Dio.netty.maxThreadLocalCharBufferSize: 16384
2023-01-16 22:15:06.090 DEBUG [Forwarding newSession on session null to remote] [io.netty.channel.DefaultChannelId.<clinit>(DefaultChannelId.java:79)] - -Dio.netty.processId: 17104 (auto-detected)
2023-01-16 22:15:06.092 DEBUG [Forwarding newSession on session null to remote] [io.netty.util.NetUtil.<clinit>(NetUtil.java:136)] - -Djava.net.preferIPv4Stack: false
2023-01-16 22:15:06.092 DEBUG [Forwarding newSession on session null to remote] [io.netty.util.NetUtil.<clinit>(NetUtil.java:137)] - -Djava.net.preferIPv6Addresses: false
2023-01-16 22:15:06.100 DEBUG [Forwarding newSession on session null to remote] [io.netty.util.NetUtilInitializations.determineLoopback(NetUtilInitializations.java:129)] - Loopback interface: lo (Software Loopback Interface 1, 127.0.0.1)
2023-01-16 22:15:06.101 DEBUG [Forwarding newSession on session null to remote] [io.netty.util.NetUtil$SoMaxConnAction.run(NetUtil.java:191)] - Failed to get SOMAXCONN from sysctl and file \proc\sys\net\core\somaxconn. Default: 200
2023-01-16 22:15:06.128 DEBUG [Forwarding newSession on session null to remote] [io.netty.channel.DefaultChannelId.<clinit>(DefaultChannelId.java:101)] - -Dio.netty.machineId: 34:2e:b7:ff:fe:11:e9:fa (auto-detected)
2023-01-16 22:15:06.199 DEBUG [AsyncHttpClient-1-2] [io.netty.buffer.AbstractByteBuf.<clinit>(AbstractByteBuf.java:63)] - -Dio.netty.buffer.checkAccessible: true
2023-01-16 22:15:06.199 DEBUG [AsyncHttpClient-1-2] [io.netty.buffer.AbstractByteBuf.<clinit>(AbstractByteBuf.java:64)] - -Dio.netty.buffer.checkBounds: true
2023-01-16 22:15:06.200 DEBUG [AsyncHttpClient-1-2] [io.netty.util.ResourceLeakDetectorFactory$DefaultResourceLeakDetectorFactory.newResourceLeakDetector(ResourceLeakDetectorFactory.java:196)] - Loaded default ResourceLeakDetector: io.netty.util.ResourceLeakDetector@5143ca72
2023-01-16 22:15:06.221 DEBUG [AsyncHttpClient-1-2] [io.netty.util.Recycler.<clinit>(Recycler.java:85)] - -Dio.netty.recycler.maxCapacityPerThread: 4096
2023-01-16 22:15:06.221 DEBUG [AsyncHttpClient-1-2] [io.netty.util.Recycler.<clinit>(Recycler.java:86)] - -Dio.netty.recycler.ratio: 8
2023-01-16 22:15:06.222 DEBUG [AsyncHttpClient-1-2] [io.netty.util.Recycler.<clinit>(Recycler.java:87)] - -Dio.netty.recycler.chunkSize: 32
2023-01-16 22:15:06.222 DEBUG [AsyncHttpClient-1-2] [io.netty.util.Recycler.<clinit>(Recycler.java:88)] - -Dio.netty.recycler.blocking: false
2023-01-16 22:15:06.786 DEBUG [AsyncHttpClient-1-2] [io.netty.handler.codec.compression.Brotli.<clinit>(Brotli.java:38)] - brotli4j not in the classpath; Brotli support will be unavailable.
2023-01-16 22:15:06.897 DEBUG [main] [io.netty.util.internal.ThreadLocalRandom.newSeed(ThreadLocalRandom.java:214)] - -Dio.netty.initialSeedUniquifier: 0xbf1ec32f9120bc8b
2023-01-16 22:15:06.941 INFO [main] [test.java.Utilities.CommonOps.initBrowser(CommonOps.java:76)] - Start default Browser [Chrome]
2023-01-16 22:15:07.072 INFO [main] [test.java.Utilities.CommonOps.initBrowser(CommonOps.java:81)] - Maximize browser window
2023-01-16 22:15:09.065 INFO [main] [test.java.Utilities.CommonOps.initUrl(CommonOps.java:86)] - Open URL
2023-01-16 22:15:09.080 INFO [main] [test.java.Utilities.CommonOps.initAction(CommonOps.java:92)] - Initialized the 'Action'
2023-01-16 22:15:09.082 INFO [main] [test.java.Utilities.CommonOps.initWait(CommonOps.java:97)] - Initialized 'wait'
2023-01-16 22:15:09.104 INFO [main] [test.java.Utilities.CommonOps.initPageObjectManager(CommonOps.java:102)] - Initialized POM
2023-01-16 22:15:11.934 ERROR [main] [test.java.Extensions.UiActions.click(UiActions.java:17)] - click on: 'Log In' Button
2023-01-16 22:15:32.119 ERROR [main] [test.java.Extensions.UiActions.UpdateText(UiActions.java:42)] - Text: yofigi5953@dewareff.com fail to inserted into
2023-01-16 22:15:56.880 ERROR [main] [test.java.Extensions.UiActions.UpdateText(UiActions.java:42)] - Text: Topaz96 fail to inserted into
2023-01-16 22:18:11.686 INFO [main] [test.java.Utilities.CommonOps.tearDown(CommonOps.java:113)] - Browser closed
2023-01-16 22:50:21.436 DEBUG [main] [io.netty.util.internal.logging.InternalLoggerFactory.useLog4J2LoggerFactory(InternalLoggerFactory.java:76)] - Using Log4J2 as the default logging framework
2023-01-16 22:50:21.444 DEBUG [main] [io.netty.util.ResourceLeakDetector.<clinit>(ResourceLeakDetector.java:129)] - -Dio.netty.leakDetection.level: simple
2023-01-16 22:50:21.444 DEBUG [main] [io.netty.util.ResourceLeakDetector.<clinit>(ResourceLeakDetector.java:130)] - -Dio.netty.leakDetection.targetRecords: 4
2023-01-16 22:50:21.450 DEBUG [main] [io.netty.util.ResourceLeakDetectorFactory$DefaultResourceLeakDetectorFactory.newResourceLeakDetector(ResourceLeakDetectorFactory.java:196)] - Loaded default ResourceLeakDetector: io.netty.util.ResourceLeakDetector@17354708
2023-01-16 22:50:21.477 DEBUG [main] [io.netty.util.internal.PlatformDependent0.explicitNoUnsafeCause0(PlatformDependent0.java:496)] - -Dio.netty.noUnsafe: false
2023-01-16 22:50:21.477 DEBUG [main] [io.netty.util.internal.PlatformDependent0.javaVersion0(PlatformDependent0.java:1000)] - Java version: 18
2023-01-16 22:50:21.478 DEBUG [main] [io.netty.util.internal.PlatformDependent0.<clinit>(PlatformDependent0.java:137)] - sun.misc.Unsafe.theUnsafe: available
2023-01-16 22:50:21.479 DEBUG [main] [io.netty.util.internal.PlatformDependent0.<clinit>(PlatformDependent0.java:161)] - sun.misc.Unsafe.copyMemory: available
2023-01-16 22:50:21.480 DEBUG [main] [io.netty.util.internal.PlatformDependent0.<clinit>(PlatformDependent0.java:193)] - sun.misc.Unsafe.storeFence: available
2023-01-16 22:50:21.480 DEBUG [main] [io.netty.util.internal.PlatformDependent0.<clinit>(PlatformDependent0.java:236)] - java.nio.Buffer.address: available
2023-01-16 22:50:21.481 DEBUG [main] [io.netty.util.internal.PlatformDependent0.<clinit>(PlatformDependent0.java:320)] - direct buffer constructor: unavailable: Reflective setAccessible(true) disabled
2023-01-16 22:50:21.481 DEBUG [main] [io.netty.util.internal.PlatformDependent0.<clinit>(PlatformDependent0.java:385)] - java.nio.Bits.unaligned: available, true
2023-01-16 22:50:21.482 DEBUG [main] [io.netty.util.internal.PlatformDependent0.<clinit>(PlatformDependent0.java:452)] - jdk.internal.misc.Unsafe.allocateUninitializedArray(int): unavailable: class io.netty.util.internal.PlatformDependent0$7 cannot access class jdk.internal.misc.Unsafe (in module java.base) because module java.base does not export jdk.internal.misc to unnamed module @78047b92
2023-01-16 22:50:21.483 DEBUG [main] [io.netty.util.internal.PlatformDependent0.<clinit>(PlatformDependent0.java:482)] - java.nio.DirectByteBuffer.<init>(long, int): unavailable
2023-01-16 22:50:21.483 DEBUG [main] [io.netty.util.internal.PlatformDependent.unsafeUnavailabilityCause0(PlatformDependent.java:1159)] - sun.misc.Unsafe: available
2023-01-16 22:50:21.483 DEBUG [main] [io.netty.util.internal.PlatformDependent.estimateMaxDirectMemory(PlatformDependent.java:1270)] - maxDirectMemory: 4213178368 bytes (maybe)
2023-01-16 22:50:21.484 DEBUG [main] [io.netty.util.internal.PlatformDependent.tmpdir0(PlatformDependent.java:1289)] - -Dio.netty.tmpdir: C:\Users\HENBEN~1\AppData\Local\Temp (java.io.tmpdir)
2023-01-16 22:50:21.484 DEBUG [main] [io.netty.util.internal.PlatformDependent.bitMode0(PlatformDependent.java:1368)] - -Dio.netty.bitMode: 64 (sun.arch.data.model)
2023-01-16 22:50:21.484 DEBUG [main] [io.netty.util.internal.PlatformDependent.isWindows0(PlatformDependent.java:1119)] - Platform: Windows
2023-01-16 22:50:21.484 DEBUG [main] [io.netty.util.internal.PlatformDependent.<clinit>(PlatformDependent.java:178)] - -Dio.netty.maxDirectMemory: -1 bytes
2023-01-16 22:50:21.485 DEBUG [main] [io.netty.util.internal.PlatformDependent.<clinit>(PlatformDependent.java:185)] - -Dio.netty.uninitializedArrayAllocationThreshold: -1
2023-01-16 22:50:21.486 DEBUG [main] [io.netty.util.internal.CleanerJava9.<clinit>(CleanerJava9.java:71)] - java.nio.ByteBuffer.cleaner(): available
2023-01-16 22:50:21.486 DEBUG [main] [io.netty.util.internal.PlatformDependent.<clinit>(PlatformDependent.java:205)] - -Dio.netty.noPreferDirect: false
2023-01-16 22:50:21.498 DEBUG [main] [io.netty.util.internal.PlatformDependent$Mpsc.<clinit>(PlatformDependent.java:1010)] - org.jctools-core.MpscChunkedArrayQueue: available
2023-01-16 22:50:21.523 DEBUG [main] [io.netty.util.internal.InternalThreadLocalMap.<clinit>(InternalThreadLocalMap.java:86)] - -Dio.netty.threadLocalMap.stringBuilder.initialSize: 1024
2023-01-16 22:50:21.523 DEBUG [main] [io.netty.util.internal.InternalThreadLocalMap.<clinit>(InternalThreadLocalMap.java:89)] - -Dio.netty.threadLocalMap.stringBuilder.maxSize: 4096
2023-01-16 22:50:21.567 DEBUG [main] [io.netty.handler.ssl.JdkSslContext.<clinit>(JdkSslContext.java:83)] - Default protocols (JDK): [TLSv1.3, TLSv1.2] 
2023-01-16 22:50:21.567 DEBUG [main] [io.netty.handler.ssl.JdkSslContext.<clinit>(JdkSslContext.java:84)] - Default cipher suites (JDK): [TLS_ECDHE_ECDSA_WITH_AES_256_GCM_SHA384, TLS_ECDHE_ECDSA_WITH_AES_128_GCM_SHA256, TLS_ECDHE_RSA_WITH_AES_128_GCM_SHA256, TLS_ECDHE_RSA_WITH_AES_256_GCM_SHA384, TLS_ECDHE_RSA_WITH_AES_128_CBC_SHA, TLS_ECDHE_RSA_WITH_AES_256_CBC_SHA, TLS_RSA_WITH_AES_128_GCM_SHA256, TLS_RSA_WITH_AES_128_CBC_SHA, TLS_RSA_WITH_AES_256_CBC_SHA, TLS_AES_128_GCM_SHA256, TLS_AES_256_GCM_SHA384]
2023-01-16 22:50:21.602 DEBUG [main] [io.netty.channel.MultithreadEventLoopGroup.<clinit>(MultithreadEventLoopGroup.java:44)] - -Dio.netty.eventLoopThreads: 16
2023-01-16 22:50:21.611 DEBUG [main] [io.netty.channel.nio.NioEventLoop.<clinit>(NioEventLoop.java:110)] - -Dio.netty.noKeySetOptimization: false
2023-01-16 22:50:21.611 DEBUG [main] [io.netty.channel.nio.NioEventLoop.<clinit>(NioEventLoop.java:111)] - -Dio.netty.selectorAutoRebuildThreshold: 512
2023-01-16 22:50:21.687 DEBUG [main] [io.netty.buffer.PooledByteBufAllocator.<clinit>(PooledByteBufAllocator.java:157)] - -Dio.netty.allocator.numHeapArenas: 16
2023-01-16 22:50:21.687 DEBUG [main] [io.netty.buffer.PooledByteBufAllocator.<clinit>(PooledByteBufAllocator.java:158)] - -Dio.netty.allocator.numDirectArenas: 16
2023-01-16 22:50:21.687 DEBUG [main] [io.netty.buffer.PooledByteBufAllocator.<clinit>(PooledByteBufAllocator.java:160)] - -Dio.netty.allocator.pageSize: 8192
2023-01-16 22:50:21.687 DEBUG [main] [io.netty.buffer.PooledByteBufAllocator.<clinit>(PooledByteBufAllocator.java:165)] - -Dio.netty.allocator.maxOrder: 9
2023-01-16 22:50:21.687 DEBUG [main] [io.netty.buffer.PooledByteBufAllocator.<clinit>(PooledByteBufAllocator.java:169)] - -Dio.netty.allocator.chunkSize: 4194304
2023-01-16 22:50:21.688 DEBUG [main] [io.netty.buffer.PooledByteBufAllocator.<clinit>(PooledByteBufAllocator.java:170)] - -Dio.netty.allocator.smallCacheSize: 256
2023-01-16 22:50:21.688 DEBUG [main] [io.netty.buffer.PooledByteBufAllocator.<clinit>(PooledByteBufAllocator.java:171)] - -Dio.netty.allocator.normalCacheSize: 64
2023-01-16 22:50:21.688 DEBUG [main] [io.netty.buffer.PooledByteBufAllocator.<clinit>(PooledByteBufAllocator.java:172)] - -Dio.netty.allocator.maxCachedBufferCapacity: 32768
2023-01-16 22:50:21.688 DEBUG [main] [io.netty.buffer.PooledByteBufAllocator.<clinit>(PooledByteBufAllocator.java:173)] - -Dio.netty.allocator.cacheTrimInterval: 8192
2023-01-16 22:50:21.688 DEBUG [main] [io.netty.buffer.PooledByteBufAllocator.<clinit>(PooledByteBufAllocator.java:174)] - -Dio.netty.allocator.cacheTrimIntervalMillis: 0
2023-01-16 22:50:21.688 DEBUG [main] [io.netty.buffer.PooledByteBufAllocator.<clinit>(PooledByteBufAllocator.java:175)] - -Dio.netty.allocator.useCacheForAllThreads: false
2023-01-16 22:50:21.688 DEBUG [main] [io.netty.buffer.PooledByteBufAllocator.<clinit>(PooledByteBufAllocator.java:176)] - -Dio.netty.allocator.maxCachedByteBuffersPerChunk: 1023
2023-01-16 22:50:21.699 DEBUG [main] [io.netty.buffer.ByteBufUtil.<clinit>(ByteBufUtil.java:87)] - -Dio.netty.allocator.type: pooled
2023-01-16 22:50:21.699 DEBUG [main] [io.netty.buffer.ByteBufUtil.<clinit>(ByteBufUtil.java:96)] - -Dio.netty.threadLocalDirectBufferSize: 0
2023-01-16 22:50:21.699 DEBUG [main] [io.netty.buffer.ByteBufUtil.<clinit>(ByteBufUtil.java:99)] - -Dio.netty.maxThreadLocalCharBufferSize: 16384
2023-01-16 22:50:22.007 DEBUG [Forwarding newSession on session null to remote] [io.netty.channel.DefaultChannelId.<clinit>(DefaultChannelId.java:79)] - -Dio.netty.processId: 12408 (auto-detected)
2023-01-16 22:50:22.009 DEBUG [Forwarding newSession on session null to remote] [io.netty.util.NetUtil.<clinit>(NetUtil.java:136)] - -Djava.net.preferIPv4Stack: false
2023-01-16 22:50:22.009 DEBUG [Forwarding newSession on session null to remote] [io.netty.util.NetUtil.<clinit>(NetUtil.java:137)] - -Djava.net.preferIPv6Addresses: false
2023-01-16 22:50:22.017 DEBUG [Forwarding newSession on session null to remote] [io.netty.util.NetUtilInitializations.determineLoopback(NetUtilInitializations.java:129)] - Loopback interface: lo (Software Loopback Interface 1, 127.0.0.1)
2023-01-16 22:50:22.018 DEBUG [Forwarding newSession on session null to remote] [io.netty.util.NetUtil$SoMaxConnAction.run(NetUtil.java:191)] - Failed to get SOMAXCONN from sysctl and file \proc\sys\net\core\somaxconn. Default: 200
2023-01-16 22:50:22.046 DEBUG [Forwarding newSession on session null to remote] [io.netty.channel.DefaultChannelId.<clinit>(DefaultChannelId.java:101)] - -Dio.netty.machineId: 34:2e:b7:ff:fe:11:e9:fa (auto-detected)
2023-01-16 22:50:22.107 DEBUG [AsyncHttpClient-1-2] [io.netty.buffer.AbstractByteBuf.<clinit>(AbstractByteBuf.java:63)] - -Dio.netty.buffer.checkAccessible: true
2023-01-16 22:50:22.108 DEBUG [AsyncHttpClient-1-2] [io.netty.buffer.AbstractByteBuf.<clinit>(AbstractByteBuf.java:64)] - -Dio.netty.buffer.checkBounds: true
2023-01-16 22:50:22.108 DEBUG [AsyncHttpClient-1-2] [io.netty.util.ResourceLeakDetectorFactory$DefaultResourceLeakDetectorFactory.newResourceLeakDetector(ResourceLeakDetectorFactory.java:196)] - Loaded default ResourceLeakDetector: io.netty.util.ResourceLeakDetector@1795e81d
2023-01-16 22:50:22.129 DEBUG [AsyncHttpClient-1-2] [io.netty.util.Recycler.<clinit>(Recycler.java:85)] - -Dio.netty.recycler.maxCapacityPerThread: 4096
2023-01-16 22:50:22.129 DEBUG [AsyncHttpClient-1-2] [io.netty.util.Recycler.<clinit>(Recycler.java:86)] - -Dio.netty.recycler.ratio: 8
2023-01-16 22:50:22.129 DEBUG [AsyncHttpClient-1-2] [io.netty.util.Recycler.<clinit>(Recycler.java:87)] - -Dio.netty.recycler.chunkSize: 32
2023-01-16 22:50:22.129 DEBUG [AsyncHttpClient-1-2] [io.netty.util.Recycler.<clinit>(Recycler.java:88)] - -Dio.netty.recycler.blocking: false
2023-01-16 22:50:22.693 DEBUG [AsyncHttpClient-1-2] [io.netty.handler.codec.compression.Brotli.<clinit>(Brotli.java:38)] - brotli4j not in the classpath; Brotli support will be unavailable.
2023-01-16 22:50:22.784 DEBUG [main] [io.netty.util.internal.ThreadLocalRandom.newSeed(ThreadLocalRandom.java:214)] - -Dio.netty.initialSeedUniquifier: 0xd782a75d2c9d4a86
2023-01-16 22:50:22.836 INFO [main] [test.java.Utilities.CommonOps.initBrowser(CommonOps.java:76)] - Start default Browser [Chrome]
2023-01-16 22:50:22.980 INFO [main] [test.java.Utilities.CommonOps.initBrowser(CommonOps.java:81)] - Maximize browser window
2023-01-16 22:50:24.981 INFO [main] [test.java.Utilities.CommonOps.initUrl(CommonOps.java:86)] - Open URL
2023-01-16 22:50:24.995 INFO [main] [test.java.Utilities.CommonOps.initAction(CommonOps.java:92)] - Initialized the 'Action'
2023-01-16 22:50:24.997 INFO [main] [test.java.Utilities.CommonOps.initWait(CommonOps.java:97)] - Initialized 'wait'
2023-01-16 22:50:25.028 INFO [main] [test.java.Utilities.CommonOps.initPageObjectManager(CommonOps.java:102)] - Initialized POM
2023-01-16 22:50:25.346 ERROR [main] [test.java.Extensions.UiActions.click(UiActions.java:17)] - click on: 'Log In' Button
2023-01-16 22:50:30.827 ERROR [main] [test.java.Extensions.UiActions.click(UiActions.java:17)] - click on: '' Button
2023-01-16 22:50:31.279 ERROR [main] [test.java.Extensions.UiActions.click(UiActions.java:17)] - click on: 'Log Out' Button
2023-01-16 22:50:38.605 ERROR [main] [test.java.Extensions.UiActions.click(UiActions.java:17)] - click on: 'Log In' Button
2023-01-16 22:50:43.870 ERROR [main] [test.java.Extensions.UiActions.click(UiActions.java:17)] - click on: '' Button
2023-01-16 22:50:44.190 ERROR [main] [test.java.Extensions.UiActions.click(UiActions.java:17)] - click on: 'Log Out' Button
2023-01-16 22:50:46.990 ERROR [main] [test.java.Extensions.UiActions.click(UiActions.java:17)] - click on: 'Log In' Button
2023-01-16 22:51:12.635 INFO [main] [test.java.Utilities.CommonOps.tearDown(CommonOps.java:113)] - Browser closed
